2022/08/04 16:30:19;OK;Slip.pdf;
2022/08/04 16:30:21;OK;Cheque.pdf;
2022/08/04 16:56:31;OK;Slip.pdf;
2022/08/04 16:56:35;OK;Cheque.pdf;
2022/08/04 17:08:33;OK;Slip.pdf;
2022/08/04 17:08:36;OK;Cheque.pdf;
2022/08/04 17:09:22;OK;Slip.pdf;
2022/08/04 17:09:24;OK;Cheque.pdf;
2022/08/04 17:12:12;OK;Slip.pdf;
2022/08/04 17:12:14;OK;Cheque.pdf;
2022/08/04 17:22:49;OK;Slip.pdf;
2022/08/04 17:22:51;OK;Cheque.pdf;
2022/08/04 17:29:06;OK;Cheque.pdf;
2022/08/04 17:38:28;OK;Slip.pdf;
2022/08/04 17:38:29;OK;Cheque.pdf;
2022/08/04 17:47:43;OK;Slip.pdf;
2022/08/04 17:47:44;OK;Cheque.pdf;
2022/08/04 17:49:04;OK;Slip.pdf;
2022/08/04 17:49:05;OK;Cheque.pdf;
2022/08/04 17:57:24;OK;Slip.pdf;
2022/08/04 17:57:26;OK;Cheque.pdf;
2022/08/04 18:02:33;OK;Slip.pdf;
2022/08/04 18:02:34;OK;Cheque.pdf;
2022/08/04 18:37:06;OK;Slip.pdf;
2022/08/04 18:37:08;OK;Cheque.pdf;
2022/08/04 18:55:52;OK;Slip.pdf;
2022/08/04 18:55:54;OK;Cheque.pdf;
2022/08/04 19:00:17;OK;Slip.pdf;
2022/08/04 19:00:19;OK;Cheque.pdf;
2022/08/05 13:19:27;OK;Slip.pdf;
2022/08/05 13:19:29;OK;Cheque.pdf;
2022/08/05 13:23:00;OK;Slip.pdf;
2022/08/05 13:23:03;OK;Cheque.pdf;
2022/08/05 15:00:45;OK;Slip.pdf;
2022/08/05 15:00:48;OK;Cheque.pdf;
2022/08/05 15:11:54;OK;Slip.pdf;
2022/08/05 15:11:55;OK;Cheque.pdf;
2022/08/05 15:11:58;OK;Cheque.pdf;
2022/08/05 15:11:59;OK;Cheque.pdf;
2022/08/05 15:12:01;OK;Cheque.pdf;
2022/08/05 15:12:04;OK;Cheque.pdf;
2022/08/05 16:06:52;ERROR;Slip.pdf;error calling gsdll_Init! Resultcode:-100
2022/08/05 16:06:54;ERROR;Cheque.pdf;error calling gsdll_Init! Resultcode:-100
2022/08/05 16:08:47;OK;Slip.pdf;
2022/08/05 16:08:49;OK;Cheque.pdf;
2022/08/05 16:41:41;OK;Slip.pdf;
2022/08/05 16:41:43;OK;Cheque.pdf;
2022/08/05 16:46:55;OK;Slip.pdf;
2022/08/05 16:46:57;OK;Cheque.pdf;
2022/08/05 16:46:59;OK;Cheque.pdf;
2022/08/05 16:47:00;OK;Cheque.pdf;
2022/08/05 16:47:02;OK;Cheque.pdf;
2022/08/05 16:47:06;OK;Cheque.pdf;
2022/08/05 16:47:07;OK;Cheque.pdf;
2022/08/05 16:47:09;OK;Cheque.pdf;
2022/08/05 16:47:10;OK;Cheque.pdf;
2022/08/05 16:47:13;OK;Cheque.pdf;
2022/08/05 16:47:15;OK;Cheque.pdf;
2022/08/05 16:47:16;OK;Cheque.pdf;
2022/08/05 16:47:18;OK;Cheque.pdf;
2022/08/05 16:47:21;OK;Cheque.pdf;
2022/08/05 16:47:22;OK;Cheque.pdf;
2022/08/05 16:47:24;OK;Cheque.pdf;
2022/08/05 16:57:01;OK;Slip.pdf;
2022/08/05 16:57:04;OK;Cheque.pdf;
2022/08/05 16:57:06;OK;Cheque.pdf;
2022/08/05 16:57:08;OK;Cheque.pdf;
2022/08/05 16:57:09;OK;Cheque.pdf;
2022/08/05 16:57:12;OK;Cheque.pdf;
2022/08/05 16:57:13;OK;Cheque.pdf;
2022/08/05 16:57:15;OK;Cheque.pdf;
2022/08/05 16:57:16;OK;Cheque.pdf;
2022/08/05 16:57:19;OK;Cheque.pdf;
2022/08/05 16:57:20;OK;Cheque.pdf;
2022/08/05 16:57:22;OK;Cheque.pdf;
2022/08/05 16:57:24;OK;Cheque.pdf;
2022/08/05 16:57:27;OK;Cheque.pdf;
2022/08/05 16:57:29;OK;Cheque.pdf;
2022/08/05 16:57:30;OK;Cheque.pdf;
2022/08/05 16:57:32;OK;Cheque.pdf;
2022/08/05 16:57:34;OK;Cheque.pdf;
2022/08/05 16:57:36;OK;Cheque.pdf;
2022/08/05 16:57:38;OK;Cheque.pdf;
2022/08/05 16:57:40;OK;Cheque.pdf;
2022/08/05 16:57:42;OK;Cheque.pdf;
2022/08/05 16:57:43;OK;Cheque.pdf;
2022/08/05 16:57:46;OK;Cheque.pdf;
2022/08/05 16:57:47;OK;Cheque.pdf;
2022/08/05 16:57:49;OK;Cheque.pdf;
2022/08/05 16:57:50;OK;Cheque.pdf;
2022/08/05 16:57:53;OK;Cheque.pdf;
2022/08/05 16:57:55;OK;Cheque.pdf;
2022/08/05 16:57:58;OK;Cheque.pdf;
2022/08/05 16:57:59;OK;Cheque.pdf;
2022/08/05 17:05:26;OK;Slip.pdf;
2022/08/05 17:05:28;OK;Cheque.pdf;
2022/08/05 17:05:30;OK;Cheque.pdf;
2022/08/05 17:05:31;OK;Cheque.pdf;
2022/08/05 17:05:33;OK;Cheque.pdf;
2022/08/05 17:05:35;OK;Cheque.pdf;
2022/08/05 17:05:37;OK;Cheque.pdf;
2022/08/05 17:05:40;OK;Cheque.pdf;
2022/08/05 17:05:42;OK;Cheque.pdf;
2022/08/05 17:05:43;OK;Cheque.pdf;
2022/08/05 17:05:45;OK;Cheque.pdf;
2022/08/05 17:05:48;OK;Cheque.pdf;
2022/08/05 17:05:49;OK;Cheque.pdf;
2022/08/05 17:05:51;OK;Cheque.pdf;
2022/08/05 17:05:53;OK;Cheque.pdf;
2022/08/05 17:05:56;OK;Cheque.pdf;
2022/08/05 17:05:58;OK;Cheque.pdf;
2022/08/05 17:06:00;OK;Cheque.pdf;
2022/08/05 17:06:02;OK;Cheque.pdf;
2022/08/05 17:06:03;OK;Cheque.pdf;
2022/08/05 17:06:05;OK;Cheque.pdf;
2022/08/05 17:06:06;OK;Cheque.pdf;
2022/08/05 17:06:08;OK;Cheque.pdf;
2022/08/05 17:06:10;OK;Cheque.pdf;
2022/08/05 17:06:12;OK;Cheque.pdf;
2022/08/05 17:06:14;OK;Cheque.pdf;
2022/08/05 17:06:16;OK;Cheque.pdf;
2022/08/05 17:06:18;OK;Cheque.pdf;
2022/08/05 17:06:20;OK;Cheque.pdf;
2022/08/05 17:06:22;OK;Cheque.pdf;
2022/08/05 17:23:01;OK;Cheque.pdf;
2022/08/05 17:34:41;OK;Slip.pdf;
2022/08/05 17:34:43;OK;Cheque.pdf;
2022/08/05 17:34:45;OK;Cheque.pdf;
2022/08/05 17:34:46;OK;Cheque.pdf;
2022/08/05 17:34:48;OK;Cheque.pdf;
2022/08/05 17:34:50;OK;Cheque.pdf;
2022/08/05 17:34:52;OK;Cheque.pdf;
2022/08/05 17:34:54;OK;Cheque.pdf;
2022/08/05 17:34:56;OK;Cheque.pdf;
2022/08/05 17:34:57;OK;Cheque.pdf;
2022/08/05 17:34:59;OK;Cheque.pdf;
2022/08/05 17:35:00;OK;Cheque.pdf;
2022/08/05 17:35:02;OK;Cheque.pdf;
2022/08/05 17:35:05;OK;Cheque.pdf;
2022/08/05 17:35:06;OK;Cheque.pdf;
2022/08/05 17:35:08;OK;Cheque.pdf;
2022/08/05 17:35:09;OK;Cheque.pdf;
2022/08/05 17:35:12;OK;Cheque.pdf;
2022/08/05 17:35:14;OK;Cheque.pdf;
2022/08/05 17:35:16;OK;Cheque.pdf;
2022/08/05 17:35:17;OK;Cheque.pdf;
2022/08/05 17:35:19;OK;Cheque.pdf;
2022/08/05 17:35:22;OK;Cheque.pdf;
2022/08/05 17:35:24;OK;Cheque.pdf;
2022/08/05 17:35:26;OK;Cheque.pdf;
2022/08/05 17:35:27;OK;Cheque.pdf;
2022/08/05 17:35:30;OK;Cheque.pdf;
2022/08/05 17:35:31;OK;Cheque.pdf;
2022/08/05 17:35:33;OK;Cheque.pdf;
2022/08/05 17:35:35;OK;Cheque.pdf;
2022/08/05 17:35:38;OK;Cheque.pdf;
2022/08/05 17:44:06;OK;Slip.pdf;
2022/08/05 17:44:09;OK;Cheque.pdf;
2022/08/05 17:44:10;OK;Cheque.pdf;
2022/08/05 17:44:12;OK;Cheque.pdf;
2022/08/05 17:44:13;OK;Cheque.pdf;
2022/08/05 17:44:16;OK;Cheque.pdf;
2022/08/05 17:44:18;OK;Cheque.pdf;
2022/08/05 17:44:20;OK;Cheque.pdf;
2022/08/05 17:44:21;OK;Cheque.pdf;
2022/08/05 17:44:24;OK;Cheque.pdf;
2022/08/05 17:44:26;OK;Cheque.pdf;
2022/08/05 17:44:28;OK;Cheque.pdf;
2022/08/05 17:44:30;OK;Cheque.pdf;
2022/08/05 17:44:33;OK;Cheque.pdf;
2022/08/05 17:44:34;OK;Cheque.pdf;
2022/08/05 17:44:36;OK;Cheque.pdf;
2022/08/05 17:44:37;OK;Cheque.pdf;
2022/08/05 17:44:39;OK;Cheque.pdf;
2022/08/05 17:44:41;OK;Cheque.pdf;
2022/08/05 17:44:42;OK;Cheque.pdf;
2022/08/05 17:44:45;OK;Cheque.pdf;
2022/08/05 17:44:47;OK;Cheque.pdf;
2022/08/05 17:44:49;OK;Cheque.pdf;
2022/08/05 17:44:51;OK;Cheque.pdf;
2022/08/05 17:44:53;OK;Cheque.pdf;
2022/08/05 17:44:56;OK;Cheque.pdf;
2022/08/05 17:50:57;OK;Slip.pdf;
2022/08/05 17:50:58;OK;Cheque.pdf;
2022/08/05 17:51:00;OK;Cheque.pdf;
2022/08/05 17:51:01;OK;Cheque.pdf;
2022/08/05 17:51:02;OK;Cheque.pdf;
2022/08/05 17:51:04;OK;Cheque.pdf;
2022/08/05 17:51:05;OK;Cheque.pdf;
2022/08/05 17:51:06;OK;Cheque.pdf;
2022/08/05 17:51:08;OK;Cheque.pdf;
2022/08/05 17:51:09;OK;Cheque.pdf;
2022/08/05 17:51:11;OK;Cheque.pdf;
2022/08/05 17:51:12;OK;Cheque.pdf;
2022/08/05 17:51:13;OK;Cheque.pdf;
2022/08/05 17:51:14;OK;Cheque.pdf;
2022/08/05 17:51:16;OK;Cheque.pdf;
2022/08/05 17:51:17;OK;Cheque.pdf;
2022/08/05 17:54:19;OK;Slip.pdf;
2022/08/05 17:54:21;OK;Cheque.pdf;
2022/08/05 17:54:22;OK;Cheque.pdf;
2022/08/05 17:54:24;OK;Cheque.pdf;
2022/08/05 17:54:25;OK;Cheque.pdf;
2022/08/05 17:54:26;OK;Cheque.pdf;
2022/08/05 17:54:28;OK;Cheque.pdf;
2022/08/05 17:54:29;OK;Cheque.pdf;
2022/08/05 17:54:30;OK;Cheque.pdf;
2022/08/05 17:54:32;OK;Cheque.pdf;
2022/08/05 17:54:33;OK;Cheque.pdf;
2022/08/05 17:54:34;OK;Cheque.pdf;
2022/08/05 17:54:36;OK;Cheque.pdf;
2022/08/05 17:54:37;OK;Cheque.pdf;
2022/08/05 17:54:38;OK;Cheque.pdf;
2022/08/05 17:54:39;OK;Cheque.pdf;
2022/08/05 17:54:41;OK;Cheque.pdf;
2022/08/05 17:54:43;OK;Cheque.pdf;
2022/08/05 17:54:44;OK;Cheque.pdf;
2022/08/05 17:54:46;OK;Cheque.pdf;
2022/08/05 17:54:48;OK;Cheque.pdf;
2022/08/05 18:03:56;OK;Slip.pdf;
2022/08/05 18:03:57;OK;Cheque.pdf;
2022/08/05 18:03:58;OK;Cheque.pdf;
2022/08/05 18:03:59;OK;Cheque.pdf;
2022/08/05 18:04:01;OK;Cheque.pdf;
2022/08/05 18:04:02;OK;Cheque.pdf;
2022/08/05 18:04:04;OK;Cheque.pdf;
2022/08/05 18:04:05;OK;Cheque.pdf;
2022/08/05 18:04:06;OK;Cheque.pdf;
2022/08/05 18:04:08;OK;Cheque.pdf;
2022/08/05 18:04:09;OK;Cheque.pdf;
2022/08/05 18:04:11;OK;Cheque.pdf;
2022/08/05 18:04:12;OK;Cheque.pdf;
2022/08/05 18:04:14;OK;Cheque.pdf;
2022/08/05 18:04:15;OK;Cheque.pdf;
2022/08/05 18:04:17;OK;Cheque.pdf;
2022/08/05 18:10:27;OK;Slip.pdf;
2022/08/05 18:10:29;OK;Cheque.pdf;
2022/08/05 18:10:30;OK;Cheque.pdf;
2022/08/05 18:10:31;OK;Cheque.pdf;
2022/08/05 18:10:33;OK;Cheque.pdf;
2022/08/05 18:10:35;OK;Cheque.pdf;
2022/08/05 18:12:48;OK;Slip.pdf;
2022/08/05 18:12:49;OK;Cheque.pdf;
2022/08/05 18:12:51;OK;Cheque.pdf;
2022/08/05 18:12:52;OK;Cheque.pdf;
2022/08/05 18:12:53;OK;Cheque.pdf;
2022/08/05 18:12:54;OK;Cheque.pdf;
2022/08/05 18:12:56;OK;Cheque.pdf;
2022/08/05 18:12:57;OK;Cheque.pdf;
2022/08/05 18:12:58;OK;Cheque.pdf;
2022/08/05 18:13:00;OK;Cheque.pdf;
2022/08/05 18:13:03;OK;Cheque.pdf;
2022/08/05 18:13:04;OK;Cheque.pdf;
2022/08/05 18:13:06;OK;Cheque.pdf;
2022/08/05 18:13:07;OK;Cheque.pdf;
2022/08/05 18:13:09;OK;Cheque.pdf;
2022/08/05 18:13:12;OK;Cheque.pdf;
2022/08/05 18:13:14;OK;Cheque.pdf;
2022/08/05 18:13:15;OK;Cheque.pdf;
2022/08/05 18:13:17;OK;Cheque.pdf;
2022/08/05 18:13:18;OK;Cheque.pdf;
2022/08/05 18:13:22;OK;Cheque.pdf;
2022/08/05 18:19:01;OK;Slip.pdf;
2022/08/05 18:19:02;OK;Cheque.pdf;
2022/08/05 18:19:03;OK;Cheque.pdf;
2022/08/05 18:19:05;OK;Cheque.pdf;
2022/08/05 18:19:06;OK;Cheque.pdf;
2022/08/05 18:19:07;OK;Cheque.pdf;
2022/08/05 18:19:09;OK;Cheque.pdf;
2022/08/05 18:19:10;OK;Cheque.pdf;
2022/08/05 18:19:11;OK;Cheque.pdf;
2022/08/05 18:19:15;OK;Cheque.pdf;
2022/08/05 18:19:16;OK;Cheque.pdf;
2022/08/05 18:19:18;OK;Cheque.pdf;
2022/08/05 18:19:23;OK;Cheque.pdf;
2022/08/05 18:19:25;OK;Cheque.pdf;
2022/08/05 18:19:29;OK;Cheque.pdf;
2022/08/05 18:19:32;OK;Cheque.pdf;
2022/08/05 18:19:35;OK;Cheque.pdf;
2022/08/05 18:19:38;OK;Cheque.pdf;
2022/08/05 18:19:40;OK;Cheque.pdf;
2022/08/05 18:19:43;OK;Cheque.pdf;
2022/08/05 18:19:44;OK;Cheque.pdf;
2022/08/05 18:19:47;OK;Cheque.pdf;
2022/08/05 18:19:48;OK;Cheque.pdf;
2022/08/05 18:19:50;OK;Cheque.pdf;
2022/08/05 18:19:52;OK;Cheque.pdf;
2022/08/05 18:19:55;OK;Cheque.pdf;
2022/08/05 18:19:56;OK;Cheque.pdf;
2022/08/05 18:19:58;OK;Cheque.pdf;
2022/08/05 18:20:00;OK;Cheque.pdf;
2022/08/05 18:20:02;OK;Cheque.pdf;
2022/08/05 18:20:04;OK;Cheque.pdf;
2022/08/05 18:23:01;OK;Slip.pdf;
2022/08/05 18:23:03;OK;Cheque.pdf;
2022/08/05 18:23:04;OK;Cheque.pdf;
2022/08/05 18:23:06;OK;Cheque.pdf;
2022/08/05 18:23:07;OK;Cheque.pdf;
2022/08/05 18:23:08;OK;Cheque.pdf;
2022/08/05 18:23:10;OK;Cheque.pdf;
2022/08/05 18:23:11;OK;Cheque.pdf;
2022/08/05 18:23:12;OK;Cheque.pdf;
2022/08/05 18:23:13;OK;Cheque.pdf;
2022/08/05 18:23:15;OK;Cheque.pdf;
2022/08/05 18:23:16;OK;Cheque.pdf;
2022/08/05 18:23:17;OK;Cheque.pdf;
2022/08/05 18:23:19;OK;Cheque.pdf;
2022/08/05 18:23:20;OK;Cheque.pdf;
2022/08/05 18:23:21;OK;Cheque.pdf;
2022/08/05 18:23:22;OK;Cheque.pdf;
2022/08/05 18:23:24;OK;Cheque.pdf;
2022/08/05 18:23:25;OK;Cheque.pdf;
2022/08/05 18:23:26;OK;Cheque.pdf;
2022/08/05 18:23:28;OK;Cheque.pdf;
2022/08/05 18:23:29;OK;Cheque.pdf;
2022/08/05 18:23:30;OK;Cheque.pdf;
2022/08/05 18:23:31;OK;Cheque.pdf;
2022/08/05 18:23:33;OK;Cheque.pdf;
2022/08/05 18:23:34;OK;Cheque.pdf;
2022/08/05 18:23:36;OK;Cheque.pdf;
2022/08/05 18:23:39;OK;Cheque.pdf;
2022/08/05 18:23:40;OK;Cheque.pdf;
2022/08/05 18:23:41;OK;Cheque.pdf;
2022/08/05 18:23:43;OK;Cheque.pdf;
2022/08/05 18:27:10;OK;Slip.pdf;
2022/08/05 18:27:12;OK;Cheque.pdf;
2022/08/05 18:27:13;OK;Cheque.pdf;
2022/08/05 18:27:14;OK;Cheque.pdf;
2022/08/05 18:27:16;OK;Cheque.pdf;
2022/08/05 18:27:17;OK;Cheque.pdf;
2022/08/05 18:27:19;OK;Cheque.pdf;
2022/08/05 18:27:20;OK;Cheque.pdf;
2022/08/05 18:27:21;OK;Cheque.pdf;
2022/08/05 18:27:22;OK;Cheque.pdf;
2022/08/05 18:27:24;OK;Cheque.pdf;
2022/08/05 18:27:25;OK;Cheque.pdf;
2022/08/05 18:27:26;OK;Cheque.pdf;
2022/08/05 18:27:28;OK;Cheque.pdf;
2022/08/05 18:27:29;OK;Cheque.pdf;
2022/08/05 18:27:31;OK;Cheque.pdf;
2022/08/05 18:27:32;OK;Cheque.pdf;
2022/08/05 18:27:33;OK;Cheque.pdf;
2022/08/05 18:27:35;OK;Cheque.pdf;
2022/08/05 18:27:36;OK;Cheque.pdf;
2022/08/05 18:27:37;OK;Cheque.pdf;
2022/08/05 18:27:39;OK;Cheque.pdf;
2022/08/05 18:27:40;OK;Cheque.pdf;
2022/08/05 18:27:41;OK;Cheque.pdf;
2022/08/05 18:27:43;OK;Cheque.pdf;
2022/08/05 18:27:46;OK;Cheque.pdf;
2022/08/05 18:27:48;OK;Cheque.pdf;
2022/08/05 18:27:49;OK;Cheque.pdf;
2022/08/05 18:27:51;OK;Cheque.pdf;
2022/08/05 18:27:53;OK;Cheque.pdf;
2022/08/05 18:27:54;OK;Cheque.pdf;
2022/08/05 18:30:38;OK;Slip.pdf;
2022/08/05 18:30:39;OK;Cheque.pdf;
2022/08/05 18:30:41;OK;Cheque.pdf;
2022/08/05 18:30:42;OK;Cheque.pdf;
2022/08/05 18:30:44;OK;Cheque.pdf;
2022/08/05 18:30:45;OK;Cheque.pdf;
2022/08/05 18:30:46;OK;Cheque.pdf;
2022/08/05 18:30:47;OK;Cheque.pdf;
2022/08/05 18:30:49;OK;Cheque.pdf;
2022/08/05 18:30:50;OK;Cheque.pdf;
2022/08/05 18:30:52;OK;Cheque.pdf;
2022/08/05 18:30:53;OK;Cheque.pdf;
2022/08/05 18:30:54;OK;Cheque.pdf;
2022/08/05 18:30:55;OK;Cheque.pdf;
2022/08/05 18:30:57;OK;Cheque.pdf;
2022/08/05 18:30:58;OK;Cheque.pdf;
2022/08/05 18:30:59;OK;Cheque.pdf;
2022/08/05 18:31:01;OK;Cheque.pdf;
2022/08/05 18:31:02;OK;Cheque.pdf;
2022/08/05 18:31:03;OK;Cheque.pdf;
2022/08/05 18:31:05;OK;Cheque.pdf;
2022/08/05 18:31:06;OK;Cheque.pdf;
2022/08/05 18:31:07;OK;Cheque.pdf;
2022/08/05 18:31:09;OK;Cheque.pdf;
2022/08/05 18:31:10;OK;Cheque.pdf;
2022/08/05 18:31:11;OK;Cheque.pdf;
2022/08/05 18:31:13;OK;Cheque.pdf;
2022/08/05 18:31:14;OK;Cheque.pdf;
2022/08/05 18:31:16;OK;Cheque.pdf;
2022/08/05 18:31:19;OK;Cheque.pdf;
2022/08/05 18:31:20;OK;Cheque.pdf;
2022/08/06 11:01:21;OK;Slip.pdf;
2022/08/06 11:01:23;OK;Cheque.pdf;
2022/08/06 11:01:24;OK;Cheque.pdf;
2022/08/06 11:01:26;OK;Cheque.pdf;
2022/08/06 11:01:28;OK;Cheque.pdf;
2022/08/06 11:01:30;OK;Cheque.pdf;
2022/08/06 12:45:20;OK;Slip.pdf;
2022/08/06 12:45:28;OK;Cheque.pdf;
2022/08/06 12:45:31;OK;Cheque.pdf;
2022/08/06 12:45:33;OK;Cheque.pdf;
2022/08/06 12:45:36;OK;Cheque.pdf;
2022/08/06 12:45:39;OK;Cheque.pdf;
2022/08/06 12:45:41;OK;Cheque.pdf;
2022/08/06 12:45:42;OK;Cheque.pdf;
2022/08/06 12:45:45;OK;Cheque.pdf;
2022/08/06 12:45:46;OK;Cheque.pdf;
2022/08/06 12:45:49;OK;Cheque.pdf;
2022/08/06 12:45:52;OK;Cheque.pdf;
2022/08/06 12:45:54;OK;Cheque.pdf;
2022/08/06 12:45:55;OK;Cheque.pdf;
2022/08/06 12:45:58;OK;Cheque.pdf;
2022/08/06 12:46:00;OK;Cheque.pdf;
2022/08/06 12:46:02;OK;Cheque.pdf;
2022/08/06 12:46:04;OK;Cheque.pdf;
2022/08/06 12:46:07;OK;Cheque.pdf;
2022/08/06 12:46:09;OK;Cheque.pdf;
2022/08/06 12:46:10;OK;Cheque.pdf;
2022/08/06 12:46:12;OK;Cheque.pdf;
2022/08/06 12:46:16;OK;Cheque.pdf;
2022/08/06 12:46:17;OK;Cheque.pdf;
2022/08/06 12:46:19;OK;Cheque.pdf;
2022/08/06 12:46:23;OK;Cheque.pdf;
2022/08/06 12:46:24;OK;Cheque.pdf;
2022/08/06 12:46:25;OK;Cheque.pdf;
2022/08/06 12:46:28;OK;Cheque.pdf;
2022/08/06 12:46:31;OK;Cheque.pdf;
2022/08/06 12:46:33;OK;Cheque.pdf;
2022/08/06 12:54:10;OK;Slip.pdf;
2022/08/06 12:54:13;OK;Cheque.pdf;
2022/08/06 12:54:15;OK;Cheque.pdf;
2022/08/06 12:54:16;OK;Cheque.pdf;
2022/08/06 12:54:20;OK;Cheque.pdf;
2022/08/06 12:54:22;OK;Cheque.pdf;
2022/08/06 12:54:25;OK;Cheque.pdf;
2022/08/06 12:54:26;OK;Cheque.pdf;
2022/08/06 12:54:28;OK;Cheque.pdf;
2022/08/06 12:54:30;OK;Cheque.pdf;
2022/08/06 12:54:32;OK;Cheque.pdf;
2022/08/06 12:54:34;OK;Cheque.pdf;
2022/08/06 12:54:37;OK;Cheque.pdf;
2022/08/06 12:54:38;OK;Cheque.pdf;
2022/08/06 12:54:44;OK;Cheque.pdf;
2022/08/06 12:54:45;OK;Cheque.pdf;
2022/08/06 12:54:48;OK;Cheque.pdf;
2022/08/06 12:54:50;OK;Cheque.pdf;
2022/08/06 12:54:51;OK;Cheque.pdf;
2022/08/06 12:54:53;OK;Cheque.pdf;
2022/08/06 12:54:55;OK;Cheque.pdf;
2022/08/06 13:07:04;OK;Slip.pdf;
2022/08/06 13:07:06;OK;Cheque.pdf;
2022/08/06 13:07:08;OK;Cheque.pdf;
2022/08/06 13:07:10;OK;Cheque.pdf;
2022/08/06 13:07:11;OK;Cheque.pdf;
2022/08/06 13:07:12;OK;Cheque.pdf;
2022/08/06 13:12:13;OK;Cheque.pdf;
2022/08/06 13:12:15;OK;Cheque.pdf;
2022/08/06 13:12:18;OK;Cheque.pdf;
2022/08/06 13:12:20;OK;Cheque.pdf;
2022/08/06 13:12:21;OK;Cheque.pdf;
2022/08/06 13:12:23;OK;Cheque.pdf;
2022/08/06 13:12:24;OK;Cheque.pdf;
2022/08/06 13:12:25;OK;Cheque.pdf;
2022/08/06 13:12:27;OK;Cheque.pdf;
2022/08/06 13:12:28;OK;Cheque.pdf;
2022/08/06 13:12:30;OK;Cheque.pdf;
2022/08/06 13:12:32;OK;Cheque.pdf;
2022/08/06 13:12:33;OK;Cheque.pdf;
2022/08/06 13:12:36;OK;Cheque.pdf;
2022/08/06 13:12:37;OK;Cheque.pdf;
2022/08/06 13:12:39;OK;Cheque.pdf;
2022/08/06 13:12:41;OK;Cheque.pdf;
2022/08/06 13:12:43;OK;Cheque.pdf;
2022/08/06 13:12:44;OK;Cheque.pdf;
2022/08/06 13:12:46;OK;Cheque.pdf;
2022/08/06 13:19:01;OK;Slip.pdf;
2022/08/06 13:19:07;OK;Cheque.pdf;
2022/08/06 13:19:09;OK;Cheque.pdf;
2022/08/06 13:19:10;OK;Cheque.pdf;
2022/08/06 13:19:13;OK;Cheque.pdf;
2022/08/06 13:19:14;OK;Cheque.pdf;
2022/08/06 13:19:17;OK;Cheque.pdf;
2022/08/06 13:19:20;OK;Cheque.pdf;
2022/08/06 13:19:23;OK;Cheque.pdf;
2022/08/06 13:19:25;OK;Cheque.pdf;
2022/08/06 13:19:26;OK;Cheque.pdf;
2022/08/06 13:19:27;OK;Cheque.pdf;
2022/08/06 13:19:29;OK;Cheque.pdf;
2022/08/06 13:19:32;OK;Cheque.pdf;
2022/08/06 13:19:35;OK;Cheque.pdf;
2022/08/06 13:19:38;OK;Cheque.pdf;
2022/08/06 13:19:40;OK;Cheque.pdf;
2022/08/06 13:19:43;OK;Cheque.pdf;
2022/08/06 13:19:46;OK;Cheque.pdf;
2022/08/06 13:19:47;OK;Cheque.pdf;
2022/08/06 13:19:51;OK;Cheque.pdf;
2022/08/06 13:19:53;OK;Cheque.pdf;
2022/08/06 13:19:56;OK;Cheque.pdf;
2022/08/06 13:19:58;OK;Cheque.pdf;
2022/08/06 13:20:01;OK;Cheque.pdf;
2022/08/06 13:20:03;OK;Cheque.pdf;
2022/08/06 13:20:07;OK;Cheque.pdf;
2022/08/06 13:20:10;OK;Cheque.pdf;
2022/08/06 13:20:13;OK;Cheque.pdf;
2022/08/06 13:20:16;OK;Cheque.pdf;
2022/08/06 13:20:17;OK;Cheque.pdf;
2022/08/06 13:24:51;OK;Cheque.pdf;
2022/08/06 13:24:52;OK;Cheque.pdf;
2022/08/06 13:24:53;OK;Cheque.pdf;
2022/08/06 13:24:55;OK;Cheque.pdf;
2022/08/06 13:24:56;OK;Cheque.pdf;
2022/08/06 13:24:57;OK;Cheque.pdf;
2022/08/06 13:24:59;OK;Cheque.pdf;
2022/08/06 13:25:00;OK;Cheque.pdf;
2022/08/06 13:25:02;OK;Cheque.pdf;
2022/08/06 13:25:03;OK;Cheque.pdf;
2022/08/06 13:25:05;OK;Cheque.pdf;
2022/08/06 13:25:07;OK;Cheque.pdf;
2022/08/06 13:25:09;OK;Cheque.pdf;
2022/08/06 13:25:10;OK;Cheque.pdf;
2022/08/06 13:25:11;OK;Cheque.pdf;
2022/08/06 13:25:13;OK;Cheque.pdf;
2022/08/06 13:25:15;OK;Cheque.pdf;
2022/08/06 13:25:16;OK;Cheque.pdf;
2022/08/06 13:25:17;OK;Cheque.pdf;
2022/08/06 13:25:19;OK;Cheque.pdf;
2022/08/06 13:25:21;OK;Cheque.pdf;
2022/08/06 13:25:22;OK;Cheque.pdf;
2022/08/06 13:25:24;OK;Cheque.pdf;
2022/08/06 13:25:26;OK;Cheque.pdf;
2022/08/06 13:25:27;OK;Cheque.pdf;
2022/08/06 13:25:28;OK;Cheque.pdf;
2022/08/06 13:25:30;OK;Cheque.pdf;
2022/08/06 13:25:32;OK;Cheque.pdf;
2022/08/06 13:25:33;OK;Cheque.pdf;
2022/08/06 13:25:35;OK;Cheque.pdf;
2022/08/08 12:51:38;OK;Slip.pdf;
2022/08/08 12:51:40;OK;Cheque.pdf;
2022/08/08 12:51:42;OK;Cheque.pdf;
2022/08/08 12:51:43;OK;Cheque.pdf;
2022/08/08 12:51:44;OK;Cheque.pdf;
2022/08/08 12:51:46;OK;Cheque.pdf;
2022/08/09 17:33:02;OK;Slip.pdf;
2022/08/09 17:33:03;OK;Cheque.pdf;
2022/08/09 17:33:05;OK;Cheque.pdf;
2022/08/09 17:33:06;OK;Cheque.pdf;
2022/08/09 17:33:07;OK;Cheque.pdf;
2022/08/09 17:33:08;OK;Cheque.pdf;
2022/08/09 17:33:09;OK;Cheque.pdf;
2022/08/09 17:33:11;OK;Cheque.pdf;
2022/08/09 17:33:12;OK;Cheque.pdf;
2022/08/09 17:33:13;OK;Cheque.pdf;
2022/08/09 17:33:14;OK;Cheque.pdf;
2022/08/09 17:34:07;OK;Slip.pdf;
2022/08/09 17:34:08;OK;Cheque.pdf;
2022/08/09 17:34:09;OK;Cheque.pdf;
2022/08/09 17:34:10;OK;Cheque.pdf;
2022/08/09 17:34:12;OK;Cheque.pdf;
2022/08/09 17:34:13;OK;Cheque.pdf;
2022/08/09 17:34:14;OK;Cheque.pdf;
2022/08/09 17:34:15;OK;Cheque.pdf;
2022/08/09 17:34:16;OK;Cheque.pdf;
2022/08/09 17:34:18;OK;Cheque.pdf;
2022/08/09 17:34:19;OK;Cheque.pdf;
2022/08/09 17:45:56;OK;Slip.pdf;
2022/08/09 17:45:57;OK;Cheque.pdf;
2022/08/09 17:45:59;OK;Cheque.pdf;
2022/08/09 17:46:00;OK;Cheque.pdf;
2022/08/09 17:46:02;OK;Cheque.pdf;
2022/08/09 17:46:03;OK;Cheque.pdf;
2022/08/09 17:46:05;OK;Cheque.pdf;
2022/08/09 17:46:06;OK;Cheque.pdf;
2022/08/09 17:46:07;OK;Cheque.pdf;
2022/08/09 17:46:09;OK;Cheque.pdf;
2022/08/09 17:46:10;OK;Cheque.pdf;
2022/08/09 17:46:12;OK;Cheque.pdf;
2022/08/09 17:46:13;OK;Cheque.pdf;
2022/08/09 17:46:15;OK;Cheque.pdf;
2022/08/09 17:46:16;OK;Cheque.pdf;
2022/08/09 17:46:18;OK;Cheque.pdf;
2022/08/09 17:46:19;OK;Cheque.pdf;
2022/08/09 17:46:20;OK;Cheque.pdf;
2022/08/09 17:46:22;OK;Cheque.pdf;
2022/08/09 17:46:23;OK;Cheque.pdf;
2022/08/09 17:46:25;OK;Cheque.pdf;
2022/08/09 17:46:26;OK;Cheque.pdf;
2022/08/09 17:46:28;OK;Cheque.pdf;
2022/08/09 17:46:29;OK;Cheque.pdf;
2022/08/09 17:46:31;OK;Cheque.pdf;
2022/08/09 17:46:32;OK;Cheque.pdf;
2022/08/09 17:46:34;OK;Cheque.pdf;
2022/08/09 17:46:35;OK;Cheque.pdf;
2022/08/09 17:46:36;OK;Cheque.pdf;
2022/08/09 17:46:38;OK;Cheque.pdf;
2022/08/09 17:46:40;OK;Cheque.pdf;
2022/08/09 18:15:48;OK;Slip.pdf;
2022/08/09 18:15:51;OK;Cheque.pdf;
2022/08/09 18:15:53;OK;Cheque.pdf;
2022/08/09 18:15:55;OK;Cheque.pdf;
2022/08/09 18:16:00;OK;Cheque.pdf;
2022/08/09 18:16:02;OK;Cheque.pdf;
2022/08/09 18:20:46;OK;Slip.pdf;
2022/08/09 18:20:50;OK;Cheque.pdf;
2022/08/09 18:20:55;OK;Cheque.pdf;
2022/08/09 18:20:57;OK;Cheque.pdf;
2022/08/09 18:21:00;OK;Cheque.pdf;
2022/08/09 18:21:02;OK;Cheque.pdf;
2022/08/09 18:21:06;OK;Cheque.pdf;
2022/08/09 18:21:09;OK;Cheque.pdf;
2022/08/09 18:21:10;OK;Cheque.pdf;
2022/08/09 18:21:13;OK;Cheque.pdf;
2022/08/09 18:21:16;OK;Cheque.pdf;
2022/08/09 18:23:43;OK;Slip.pdf;
2022/08/09 18:23:49;OK;Cheque.pdf;
2022/08/09 18:23:52;OK;Cheque.pdf;
2022/08/09 18:23:54;OK;Cheque.pdf;
2022/08/09 18:23:59;OK;Cheque.pdf;
2022/08/09 18:24:01;OK;Cheque.pdf;
2022/08/09 18:24:02;OK;Cheque.pdf;
2022/08/09 18:24:03;OK;Cheque.pdf;
2022/08/09 18:24:05;OK;Cheque.pdf;
2022/08/09 18:24:08;OK;Cheque.pdf;
2022/08/09 18:24:10;OK;Cheque.pdf;
2022/08/09 18:24:12;OK;Cheque.pdf;
2022/08/09 18:24:14;OK;Cheque.pdf;
2022/08/09 18:24:15;OK;Cheque.pdf;
2022/08/09 18:24:17;OK;Cheque.pdf;
2022/08/09 18:24:19;OK;Cheque.pdf;
2022/08/09 18:24:20;OK;Cheque.pdf;
2022/08/09 18:24:22;OK;Cheque.pdf;
2022/08/09 18:24:24;OK;Cheque.pdf;
2022/08/09 18:24:27;OK;Cheque.pdf;
2022/08/09 18:24:30;OK;Cheque.pdf;
2022/08/09 18:28:24;OK;Slip.pdf;
2022/08/09 18:28:26;OK;Cheque.pdf;
2022/08/09 18:28:28;OK;Cheque.pdf;
2022/08/09 18:28:30;OK;Cheque.pdf;
2022/08/09 18:28:31;OK;Cheque.pdf;
2022/08/09 18:28:33;OK;Cheque.pdf;
2022/08/09 18:28:34;OK;Cheque.pdf;
2022/08/09 18:28:35;OK;Cheque.pdf;
2022/08/09 18:28:37;OK;Cheque.pdf;
2022/08/09 18:28:39;OK;Cheque.pdf;
2022/08/09 18:28:41;OK;Cheque.pdf;
2022/08/09 18:28:43;OK;Cheque.pdf;
2022/08/09 18:28:45;OK;Cheque.pdf;
2022/08/09 18:28:47;OK;Cheque.pdf;
2022/08/09 18:28:48;OK;Cheque.pdf;
2022/08/09 18:28:50;OK;Cheque.pdf;
2022/08/09 18:28:52;OK;Cheque.pdf;
2022/08/09 18:28:53;OK;Cheque.pdf;
2022/08/09 18:28:55;OK;Cheque.pdf;
2022/08/09 18:28:56;OK;Cheque.pdf;
2022/08/09 18:28:57;OK;Cheque.pdf;
2022/08/09 18:28:59;OK;Cheque.pdf;
2022/08/09 18:29:00;OK;Cheque.pdf;
2022/08/09 18:29:01;OK;Cheque.pdf;
2022/08/09 18:29:03;OK;Cheque.pdf;
2022/08/09 18:29:04;OK;Cheque.pdf;
2022/08/09 18:29:06;OK;Cheque.pdf;
2022/08/09 18:29:07;OK;Cheque.pdf;
2022/08/09 18:29:09;OK;Cheque.pdf;
2022/08/09 18:29:11;OK;Cheque.pdf;
2022/08/09 18:29:12;OK;Cheque.pdf;
2022/08/10 15:16:59;OK;Slip.pdf;
2022/08/10 15:17:01;OK;Cheque.pdf;
2022/08/10 15:17:03;OK;Cheque.pdf;
2022/08/10 15:17:04;OK;Cheque.pdf;
2022/08/10 15:17:05;OK;Cheque.pdf;
2022/08/10 15:17:07;OK;Cheque.pdf;
2022/08/10 15:17:08;OK;Cheque.pdf;
2022/08/10 15:17:09;OK;Cheque.pdf;
2022/08/10 15:17:11;OK;Cheque.pdf;
2022/08/10 15:17:12;OK;Cheque.pdf;
2022/08/10 15:17:13;OK;Cheque.pdf;
2022/08/10 15:17:14;OK;Cheque.pdf;
2022/08/10 15:17:16;OK;Cheque.pdf;
2022/08/10 15:17:17;OK;Cheque.pdf;
2022/08/10 15:17:18;OK;Cheque.pdf;
2022/08/10 15:17:19;OK;Cheque.pdf;
2022/08/10 15:17:21;OK;Cheque.pdf;
2022/08/10 15:17:23;OK;Cheque.pdf;
2022/08/10 15:17:24;OK;Cheque.pdf;
2022/08/10 15:17:25;OK;Cheque.pdf;
2022/08/10 15:17:27;OK;Cheque.pdf;
2022/08/10 15:17:29;OK;Cheque.pdf;
2022/08/10 15:17:31;OK;Cheque.pdf;
2022/08/10 15:17:32;OK;Cheque.pdf;
2022/08/10 15:17:34;OK;Cheque.pdf;
2022/08/10 15:17:35;OK;Cheque.pdf;
2022/08/10 15:17:37;OK;Cheque.pdf;
2022/08/10 15:17:39;OK;Cheque.pdf;
2022/08/10 15:17:41;OK;Cheque.pdf;
2022/08/10 15:17:43;OK;Cheque.pdf;
2022/08/10 15:17:44;OK;Cheque.pdf;
2022/08/10 15:17:45;OK;Cheque.pdf;
2022/08/10 15:17:46;OK;Cheque.pdf;
2022/08/10 15:17:48;OK;Cheque.pdf;
2022/08/10 15:17:49;OK;Cheque.pdf;
2022/08/10 15:17:50;OK;Cheque.pdf;
2022/08/10 15:17:52;OK;Cheque.pdf;
2022/08/10 15:17:53;OK;Cheque.pdf;
2022/08/10 15:17:55;OK;Cheque.pdf;
2022/08/10 15:17:56;OK;Cheque.pdf;
2022/08/10 15:17:57;OK;Cheque.pdf;
2022/08/10 15:17:58;OK;Cheque.pdf;
2022/08/10 15:18:00;OK;Cheque.pdf;
2022/08/10 15:18:02;OK;Cheque.pdf;
2022/08/10 15:18:04;OK;Cheque.pdf;
2022/08/10 15:18:05;OK;Cheque.pdf;
2022/08/10 15:18:07;OK;Cheque.pdf;
2022/08/10 15:18:10;OK;Cheque.pdf;
2022/08/10 15:18:13;OK;Cheque.pdf;
2022/08/10 15:18:14;OK;Cheque.pdf;
2022/08/10 15:18:15;OK;Cheque.pdf;
2022/08/10 15:18:17;OK;Cheque.pdf;
2022/08/10 15:18:18;OK;Cheque.pdf;
2022/08/10 15:18:20;OK;Cheque.pdf;
2022/08/10 15:18:21;OK;Cheque.pdf;
2022/08/10 15:18:22;OK;Cheque.pdf;
2022/08/10 15:18:24;OK;Cheque.pdf;
2022/08/10 15:18:25;OK;Cheque.pdf;
2022/08/10 15:18:27;OK;Cheque.pdf;
2022/08/10 15:18:29;OK;Cheque.pdf;
2022/08/10 15:18:30;OK;Cheque.pdf;
2022/08/20 03:44:38;OK;Slip.pdf;
2022/08/20 03:44:39;OK;Cheque.pdf;
2022/08/20 03:44:40;OK;Cheque.pdf;
2022/08/20 03:44:40;OK;Cheque.pdf;
2022/08/20 03:44:41;OK;Cheque.pdf;
2022/09/05 00:15:03;OK;Slip.pdf;
2022/09/05 00:15:04;OK;Slip.pdf;
2022/09/05 00:15:05;OK;Slip.pdf;
2022/09/05 00:15:06;OK;Slip.pdf;
2022/09/05 00:15:07;OK;Slip.pdf;
2022/09/05 00:15:08;OK;Slip.pdf;
2022/09/05 00:15:09;OK;Slip.pdf;
2022/09/05 00:15:10;OK;Slip.pdf;
2022/09/05 00:15:11;OK;Slip.pdf;
2022/09/05 00:15:12;OK;Slip.pdf;
2022/09/05 00:15:12;OK;Cheque.pdf;
2022/09/05 00:15:13;OK;Cheque.pdf;
2022/09/05 00:15:14;OK;Cheque.pdf;
2022/09/05 00:15:15;OK;Cheque.pdf;
2022/09/05 00:15:15;OK;Cheque.pdf;
2022/09/05 00:15:16;OK;Cheque.pdf;
2022/09/05 00:15:17;OK;Cheque.pdf;
2022/09/05 00:15:18;OK;Cheque.pdf;
2022/09/05 00:15:18;OK;Cheque.pdf;
2022/09/05 00:15:19;OK;Cheque.pdf;
2022/09/05 00:53:18;OK;Slip.pdf;
2022/09/05 00:53:18;OK;Cheque.pdf;
2022/09/05 00:53:19;OK;Cheque.pdf;
2022/09/05 00:53:20;OK;Cheque.pdf;
2022/09/05 00:53:21;OK;Cheque.pdf;
2022/09/05 00:53:21;OK;Cheque.pdf;
2022/09/05 01:02:47;OK;Slip.pdf;
2022/09/05 01:02:48;OK;Cheque.pdf;
2022/09/05 01:02:49;OK;Cheque.pdf;
2022/09/05 01:02:50;OK;Cheque.pdf;
2022/09/05 01:02:50;OK;Cheque.pdf;
2022/09/05 01:02:51;OK;Cheque.pdf;
2022/09/05 01:02:52;OK;Cheque.pdf;
2022/09/05 01:02:53;OK;Cheque.pdf;
2022/09/05 01:02:54;OK;Cheque.pdf;
2022/09/05 01:02:54;OK;Cheque.pdf;
2022/09/05 01:02:55;OK;Cheque.pdf;
2022/09/05 01:02:56;OK;Cheque.pdf;
2022/09/05 01:02:57;OK;Cheque.pdf;
2022/09/05 01:02:57;OK;Cheque.pdf;
2022/09/05 01:02:58;OK;Cheque.pdf;
2022/09/05 01:02:59;OK;Cheque.pdf;
2022/09/05 01:03:00;OK;Cheque.pdf;
2022/09/05 01:03:00;OK;Cheque.pdf;
2022/09/05 01:03:01;OK;Cheque.pdf;
2022/09/05 01:03:02;OK;Cheque.pdf;
2022/09/05 01:03:03;OK;Cheque.pdf;
2022/09/05 01:03:03;OK;Cheque.pdf;
2022/09/05 01:03:04;OK;Cheque.pdf;
2022/09/05 01:03:05;OK;Cheque.pdf;
2022/09/05 01:03:06;OK;Cheque.pdf;
2022/09/05 01:03:06;OK;Cheque.pdf;
2022/09/05 01:03:07;OK;Cheque.pdf;
2022/09/05 01:03:08;OK;Cheque.pdf;
2022/09/05 01:03:09;OK;Cheque.pdf;
2022/09/05 01:03:10;OK;Cheque.pdf;
2022/09/05 01:03:10;OK;Cheque.pdf;
2022/09/05 01:04:13;OK;Slip.pdf;
2022/09/05 01:04:14;OK;Cheque.pdf;
2022/09/05 01:04:15;OK;Cheque.pdf;
2022/09/05 01:04:16;OK;Cheque.pdf;
2022/09/05 01:04:16;OK;Cheque.pdf;
2022/09/05 01:04:17;OK;Cheque.pdf;
2022/09/05 01:53:31;OK;Slip.pdf;
2022/09/05 01:53:32;OK;Cheque.pdf;
2022/09/05 01:53:32;OK;Cheque.pdf;
2022/09/05 01:53:33;OK;Cheque.pdf;
2022/09/05 01:53:34;OK;Cheque.pdf;
2022/09/05 01:53:35;OK;Cheque.pdf;
2022/09/05 01:53:35;OK;Cheque.pdf;
2022/09/05 01:53:36;OK;Cheque.pdf;
2022/09/05 01:53:37;OK;Cheque.pdf;
2022/09/05 01:53:38;OK;Cheque.pdf;
2022/09/05 01:53:38;OK;Cheque.pdf;
2022/09/05 01:53:39;OK;Cheque.pdf;
2022/09/05 01:53:40;OK;Cheque.pdf;
2022/09/05 01:53:41;OK;Cheque.pdf;
2022/09/05 01:53:42;OK;Cheque.pdf;
2022/09/05 01:53:42;OK;Cheque.pdf;
2022/09/05 01:53:43;OK;Cheque.pdf;
2022/09/05 01:53:44;OK;Cheque.pdf;
2022/09/05 01:53:45;OK;Cheque.pdf;
2022/09/05 01:53:46;OK;Cheque.pdf;
2022/09/05 01:53:46;OK;Cheque.pdf;
2022/09/05 01:53:47;OK;Cheque.pdf;
2022/09/05 01:53:48;OK;Cheque.pdf;
2022/09/05 01:53:49;OK;Cheque.pdf;
2022/09/05 01:53:49;OK;Cheque.pdf;
2022/09/05 01:53:50;OK;Cheque.pdf;
2022/09/05 01:53:51;OK;Cheque.pdf;
2022/09/05 01:53:52;OK;Cheque.pdf;
2022/09/05 01:53:53;OK;Cheque.pdf;
2022/09/05 01:53:53;OK;Cheque.pdf;
2022/09/05 01:53:54;OK;Cheque.pdf;
2022/09/06 00:45:52;OK;Slip.pdf;
2022/09/06 00:45:53;OK;Cheque.pdf;
2022/09/06 00:45:54;OK;Cheque.pdf;
2022/09/06 00:45:55;OK;Cheque.pdf;
2022/09/06 00:45:56;OK;Cheque.pdf;
2022/09/06 00:45:56;OK;Cheque.pdf;
2022/09/06 00:45:57;OK;Cheque.pdf;
2022/09/06 00:45:58;OK;Cheque.pdf;
2022/09/06 00:45:59;OK;Cheque.pdf;
2022/09/06 00:46:00;OK;Cheque.pdf;
2022/09/06 00:46:00;OK;Cheque.pdf;
2022/09/06 00:46:01;OK;Cheque.pdf;
2022/09/06 00:46:02;OK;Cheque.pdf;
2022/09/06 00:46:03;OK;Cheque.pdf;
2022/09/06 00:46:03;OK;Cheque.pdf;
2022/09/06 00:46:04;OK;Cheque.pdf;
2022/09/06 00:46:05;OK;Cheque.pdf;
2022/09/06 00:46:06;OK;Cheque.pdf;
2022/09/06 00:46:07;OK;Cheque.pdf;
2022/09/06 00:46:08;OK;Cheque.pdf;
2022/09/06 00:46:09;OK;Cheque.pdf;
2022/09/06 04:11:28;OK;Cheque.pdf;
2022/09/06 04:19:53;OK;Cheque.pdf;
2022/09/06 04:37:03;OK;Slip.pdf;
2022/09/06 04:37:04;OK;Cheque.pdf;
2022/09/06 04:37:05;OK;Cheque.pdf;
2022/09/06 04:37:05;OK;Cheque.pdf;
2022/09/06 04:37:06;OK;Cheque.pdf;
2022/09/06 04:37:07;OK;Cheque.pdf;
2022/09/07 03:42:14;OK;Slip.pdf;
2022/09/07 03:42:15;OK;Cheque.pdf;
2022/09/07 03:42:16;OK;Cheque.pdf;
2022/09/07 03:42:17;OK;Cheque.pdf;
2022/09/07 03:42:18;OK;Cheque.pdf;
2022/09/07 03:42:18;OK;Cheque.pdf;
2022/09/08 03:25:22;OK;Slip.pdf;
2022/09/08 03:25:22;OK;Cheque.pdf;
2022/09/08 03:25:23;OK;Cheque.pdf;
2022/09/08 03:25:24;OK;Cheque.pdf;
2022/09/08 03:25:25;OK;Cheque.pdf;
2022/09/08 03:25:25;OK;Cheque.pdf;
2022/09/09 01:32:52;OK;Slip.pdf;
2022/09/09 01:32:53;OK;Cheque.pdf;
2022/09/09 01:32:54;OK;Cheque.pdf;
2022/09/09 01:32:55;OK;Cheque.pdf;
2022/09/09 01:32:56;OK;Cheque.pdf;
2022/09/09 01:32:57;OK;Cheque.pdf;
2022/09/09 01:32:58;OK;Cheque.pdf;
2022/09/09 01:32:58;OK;Cheque.pdf;
2022/09/09 01:32:59;OK;Cheque.pdf;
2022/09/09 01:33:00;OK;Cheque.pdf;
2022/09/09 01:33:01;OK;Cheque.pdf;
2022/09/09 01:33:02;OK;Cheque.pdf;
2022/09/09 01:33:03;OK;Cheque.pdf;
2022/09/09 01:33:03;OK;Cheque.pdf;
2022/09/09 01:33:04;OK;Cheque.pdf;
2022/09/09 01:33:05;OK;Cheque.pdf;
2022/09/09 01:33:06;OK;Cheque.pdf;
2022/09/09 01:33:07;OK;Cheque.pdf;
2022/09/09 01:33:07;OK;Cheque.pdf;
2022/09/09 01:33:08;OK;Cheque.pdf;
2022/09/09 01:33:09;OK;Cheque.pdf;
2022/09/09 01:33:10;OK;Cheque.pdf;
2022/09/09 01:33:11;OK;Cheque.pdf;
2022/09/09 01:33:11;OK;Cheque.pdf;
2022/09/09 01:33:12;OK;Cheque.pdf;
2022/09/09 01:33:13;OK;Cheque.pdf;
2022/09/09 01:33:14;OK;Cheque.pdf;
2022/09/09 01:33:14;OK;Cheque.pdf;
2022/09/09 01:33:15;OK;Cheque.pdf;
2022/09/09 01:33:16;OK;Cheque.pdf;
2022/09/09 01:33:17;OK;Cheque.pdf;
2022/09/09 01:33:18;OK;Cheque.pdf;
2022/09/09 01:33:18;OK;Cheque.pdf;
2022/09/09 01:33:19;OK;Cheque.pdf;
2022/09/09 01:33:20;OK;Cheque.pdf;
2022/09/09 01:33:21;OK;Cheque.pdf;
2022/09/09 01:33:22;OK;Cheque.pdf;
2022/09/09 01:33:23;OK;Cheque.pdf;
2022/09/09 01:33:23;OK;Cheque.pdf;
2022/09/09 01:33:24;OK;Cheque.pdf;
2022/09/09 01:33:25;OK;Cheque.pdf;
2022/09/09 01:33:26;OK;Cheque.pdf;
2022/09/09 01:33:27;OK;Cheque.pdf;
2022/09/09 01:33:28;OK;Cheque.pdf;
2022/09/09 01:33:28;OK;Cheque.pdf;
2022/09/09 01:33:29;OK;Cheque.pdf;
2022/09/13 01:19:43;OK;Slip.pdf;
2022/09/13 01:19:44;OK;Cheque.pdf;
2022/09/13 01:19:45;OK;Cheque.pdf;
2022/09/13 01:19:45;OK;Cheque.pdf;
2022/09/13 01:19:46;OK;Cheque.pdf;
2022/09/13 01:19:47;OK;Cheque.pdf;
2022/09/13 01:19:48;OK;Cheque.pdf;
2022/09/13 01:19:48;OK;Cheque.pdf;
2022/09/13 01:19:49;OK;Cheque.pdf;
2022/09/13 01:19:50;OK;Cheque.pdf;
2022/09/13 01:19:51;OK;Cheque.pdf;
2022/09/13 01:19:51;OK;Cheque.pdf;
2022/09/13 01:19:52;OK;Cheque.pdf;
2022/09/13 01:19:53;OK;Cheque.pdf;
2022/09/13 01:19:54;OK;Cheque.pdf;
2022/09/13 01:19:55;OK;Cheque.pdf;
2022/09/13 01:19:55;OK;Cheque.pdf;
2022/09/13 01:19:56;OK;Cheque.pdf;
2022/09/13 01:19:57;OK;Cheque.pdf;
2022/09/13 01:19:58;OK;Cheque.pdf;
2022/09/13 01:19:59;OK;Cheque.pdf;
2022/09/13 01:19:59;OK;Cheque.pdf;
2022/09/13 01:20:00;OK;Cheque.pdf;
2022/09/13 01:20:01;OK;Cheque.pdf;
2022/09/13 01:20:02;OK;Cheque.pdf;
2022/09/13 01:20:02;OK;Cheque.pdf;
2022/09/13 01:20:03;OK;Cheque.pdf;
2022/09/13 01:20:04;OK;Cheque.pdf;
2022/09/13 01:20:05;OK;Cheque.pdf;
2022/09/13 01:20:05;OK;Cheque.pdf;
2022/09/13 01:20:06;OK;Cheque.pdf;
2022/09/13 01:20:07;OK;Cheque.pdf;
2022/09/13 01:20:08;OK;Cheque.pdf;
2022/09/13 01:20:08;OK;Cheque.pdf;
2022/09/13 01:20:09;OK;Cheque.pdf;
2022/09/13 01:20:10;OK;Cheque.pdf;
2022/09/14 00:16:33;OK;Slip.pdf;
2022/09/14 00:16:34;OK;Cheque.pdf;
2022/09/14 00:16:35;OK;Cheque.pdf;
2022/09/14 00:16:35;OK;Cheque.pdf;
2022/09/14 00:16:36;OK;Cheque.pdf;
2022/09/14 00:16:37;OK;Cheque.pdf;
2022/09/14 00:16:38;OK;Cheque.pdf;
2022/09/14 00:16:38;OK;Cheque.pdf;
2022/09/14 00:16:39;OK;Cheque.pdf;
2022/09/14 00:16:40;OK;Cheque.pdf;
2022/09/14 00:16:41;OK;Cheque.pdf;
2022/09/14 00:16:41;OK;Cheque.pdf;
2022/09/14 00:16:42;OK;Cheque.pdf;
2022/09/14 00:16:43;OK;Cheque.pdf;
2022/09/14 00:16:44;OK;Cheque.pdf;
2022/09/14 00:16:44;OK;Cheque.pdf;
2022/09/14 00:16:45;OK;Cheque.pdf;
2022/09/14 00:16:46;OK;Cheque.pdf;
2022/09/14 00:16:47;OK;Cheque.pdf;
2022/09/14 00:16:47;OK;Cheque.pdf;
2022/09/14 00:16:48;OK;Cheque.pdf;
2022/09/14 02:02:54;OK;Slip.pdf;
2022/09/14 02:02:55;OK;Cheque.pdf;
2022/09/14 02:02:55;OK;Cheque.pdf;
2022/09/14 02:02:56;OK;Cheque.pdf;
2022/09/14 02:02:57;OK;Cheque.pdf;
2022/09/14 02:02:58;OK;Cheque.pdf;
2022/09/20 23:44:21;OK;Slip.pdf;
2022/09/20 23:44:22;OK;Cheque.pdf;
2022/09/20 23:44:22;OK;Cheque.pdf;
2022/09/20 23:44:23;OK;Cheque.pdf;
2022/09/20 23:44:24;OK;Cheque.pdf;
2022/09/20 23:44:25;OK;Cheque.pdf;
2022/09/20 23:44:26;OK;Cheque.pdf;
2022/09/20 23:44:27;OK;Cheque.pdf;
2022/09/20 23:44:27;OK;Cheque.pdf;
2022/09/20 23:44:28;OK;Cheque.pdf;
2022/09/20 23:44:29;OK;Cheque.pdf;
2022/09/20 23:44:30;OK;Cheque.pdf;
2022/09/20 23:44:30;OK;Cheque.pdf;
2022/09/20 23:44:31;OK;Cheque.pdf;
2022/09/20 23:44:32;OK;Cheque.pdf;
2022/09/20 23:44:33;OK;Cheque.pdf;
2022/09/20 23:44:34;OK;Cheque.pdf;
2022/09/20 23:44:34;OK;Cheque.pdf;
2022/09/20 23:44:35;OK;Cheque.pdf;
2022/09/20 23:44:36;OK;Cheque.pdf;
2022/09/20 23:44:37;OK;Cheque.pdf;
2022/09/20 23:44:38;OK;Cheque.pdf;
2022/09/20 23:44:39;OK;Cheque.pdf;
2022/09/20 23:44:40;OK;Cheque.pdf;
2022/09/20 23:44:40;OK;Cheque.pdf;
2022/09/20 23:44:41;OK;Cheque.pdf;
2022/09/20 23:44:42;OK;Cheque.pdf;
2022/09/20 23:44:43;OK;Cheque.pdf;
2022/09/20 23:44:43;OK;Cheque.pdf;
2022/09/20 23:44:44;OK;Cheque.pdf;
2022/09/20 23:44:45;OK;Cheque.pdf;
2022/09/20 23:44:46;OK;Cheque.pdf;
2022/09/20 23:44:46;OK;Cheque.pdf;
2022/09/20 23:44:47;OK;Cheque.pdf;
2022/09/20 23:44:48;OK;Cheque.pdf;
2022/09/20 23:44:49;OK;Cheque.pdf;
2022/09/22 03:45:00;OK;Slip.pdf;
2022/09/22 03:45:01;OK;Cheque.pdf;
2022/09/22 03:45:02;OK;Cheque.pdf;
2022/09/22 03:45:03;OK;Cheque.pdf;
2022/09/22 03:45:04;OK;Cheque.pdf;
2022/09/22 03:45:05;OK;Cheque.pdf;
2022/09/22 03:45:06;OK;Cheque.pdf;
2022/09/22 03:45:07;OK;Cheque.pdf;
2022/09/22 03:45:12;OK;Cheque.pdf;
2022/09/22 03:45:13;OK;Cheque.pdf;
2022/09/22 03:45:14;OK;Cheque.pdf;
2022/09/22 03:45:14;OK;Cheque.pdf;
2022/09/22 03:45:15;OK;Cheque.pdf;
2022/09/22 03:45:16;OK;Cheque.pdf;
2022/09/22 03:45:17;OK;Cheque.pdf;
2022/09/22 03:45:18;OK;Cheque.pdf;
2022/09/23 03:52:04;OK;Slip.pdf;
2022/09/23 03:52:05;OK;Cheque.pdf;
2022/09/23 03:52:06;OK;Cheque.pdf;
2022/09/23 03:52:06;OK;Cheque.pdf;
2022/09/23 03:52:07;OK;Cheque.pdf;
2022/09/23 03:52:08;OK;Cheque.pdf;
2022/09/26 01:02:55;OK;Slip.pdf;
2022/09/26 01:02:56;OK;Cheque.pdf;
2022/09/26 01:02:56;OK;Cheque.pdf;
2022/09/26 01:02:57;OK;Cheque.pdf;
2022/09/26 01:02:58;OK;Cheque.pdf;
2022/09/26 01:02:59;OK;Cheque.pdf;
2022/09/26 01:02:59;OK;Cheque.pdf;
2022/09/26 01:03:00;OK;Cheque.pdf;
2022/09/26 01:03:01;OK;Cheque.pdf;
2022/09/26 01:03:02;OK;Cheque.pdf;
2022/09/26 01:03:02;OK;Cheque.pdf;
2022/09/26 01:03:03;OK;Cheque.pdf;
2022/09/26 01:03:04;OK;Cheque.pdf;
2022/09/26 01:03:05;OK;Cheque.pdf;
2022/09/26 01:03:06;OK;Cheque.pdf;
2022/09/26 01:03:06;OK;Cheque.pdf;
2022/09/29 01:47:45;OK;Slip.pdf;
2022/09/29 01:47:46;OK;Cheque.pdf;
2022/09/29 01:47:47;OK;Cheque.pdf;
2022/09/29 01:47:47;OK;Cheque.pdf;
2022/09/29 01:47:48;OK;Cheque.pdf;
2022/09/29 01:47:49;OK;Cheque.pdf;
2022/09/29 01:47:50;OK;Cheque.pdf;
2022/09/29 01:47:51;OK;Cheque.pdf;
2022/09/29 01:47:52;OK;Cheque.pdf;
2022/09/29 01:47:52;OK;Cheque.pdf;
2022/09/29 01:47:53;OK;Cheque.pdf;
2022/10/03 04:08:34;OK;Slip.pdf;
2022/10/03 04:08:35;OK;Cheque.pdf;
2022/10/03 04:08:36;OK;Cheque.pdf;
2022/10/03 04:08:37;OK;Cheque.pdf;
2022/10/03 04:08:37;OK;Cheque.pdf;
2022/10/03 04:08:38;OK;Cheque.pdf;
2022/10/03 04:08:39;OK;Cheque.pdf;
2022/10/03 04:08:40;OK;Cheque.pdf;
2022/10/03 04:08:40;OK;Cheque.pdf;
2022/10/03 04:08:41;OK;Cheque.pdf;
2022/10/03 04:08:42;OK;Cheque.pdf;
2022/10/03 04:08:43;OK;Cheque.pdf;
2022/10/03 04:08:43;OK;Cheque.pdf;
2022/10/03 04:08:44;OK;Cheque.pdf;
2022/10/03 04:08:45;OK;Cheque.pdf;
2022/10/03 04:08:46;OK;Cheque.pdf;
2022/10/10 03:16:22;OK;Slip.pdf;
2022/10/10 03:16:23;OK;Cheque.pdf;
2022/10/10 03:16:24;OK;Cheque.pdf;
2022/10/10 03:16:25;OK;Cheque.pdf;
2022/10/10 03:16:26;OK;Cheque.pdf;
2022/10/10 03:16:27;OK;Cheque.pdf;
2022/10/10 03:16:28;OK;Cheque.pdf;
2022/10/10 03:16:28;OK;Cheque.pdf;
2022/10/10 03:16:29;OK;Cheque.pdf;
2022/10/10 03:16:31;OK;Cheque.pdf;
2022/10/10 03:16:32;OK;Cheque.pdf;
2022/10/10 03:16:32;OK;Cheque.pdf;
2022/10/10 03:16:33;OK;Cheque.pdf;
2022/10/10 03:16:34;OK;Cheque.pdf;
2022/10/10 03:16:35;OK;Cheque.pdf;
2022/10/10 03:16:36;OK;Cheque.pdf;
2022/10/10 03:16:37;OK;Cheque.pdf;
2022/10/10 03:16:37;OK;Cheque.pdf;
2022/10/10 03:16:38;OK;Cheque.pdf;
2022/10/10 03:16:39;OK;Cheque.pdf;
2022/10/10 03:16:40;OK;Cheque.pdf;
2022/10/10 23:57:00;OK;Slip.pdf;
2022/10/10 23:57:00;OK;Cheque.pdf;
2022/10/10 23:57:01;OK;Cheque.pdf;
2022/10/10 23:57:02;OK;Cheque.pdf;
2022/10/10 23:57:03;OK;Cheque.pdf;
2022/10/10 23:57:03;OK;Cheque.pdf;
2022/10/10 23:57:04;OK;Cheque.pdf;
2022/10/10 23:57:05;OK;Cheque.pdf;
2022/10/10 23:57:06;OK;Cheque.pdf;
2022/10/10 23:57:06;OK;Cheque.pdf;
2022/10/10 23:57:07;OK;Cheque.pdf;
2022/10/10 23:57:08;OK;Cheque.pdf;
2022/10/10 23:57:09;OK;Cheque.pdf;
2022/10/10 23:57:09;OK;Cheque.pdf;
2022/10/10 23:57:10;OK;Cheque.pdf;
2022/10/10 23:57:11;OK;Cheque.pdf;
2022/10/13 00:17:25;OK;Slip.pdf;
2022/10/13 00:17:26;OK;Cheque.pdf;
2022/10/13 00:17:26;OK;Cheque.pdf;
2022/10/13 00:17:27;OK;Cheque.pdf;
2022/10/13 00:17:28;OK;Cheque.pdf;
2022/10/13 00:17:29;OK;Cheque.pdf;
2022/10/13 00:17:29;OK;Cheque.pdf;
2022/10/13 00:17:30;OK;Cheque.pdf;
2022/10/13 00:17:31;OK;Cheque.pdf;
2022/10/13 00:17:32;OK;Cheque.pdf;
2022/10/13 00:17:32;OK;Cheque.pdf;
2022/10/13 00:17:33;OK;Cheque.pdf;
2022/10/13 00:17:34;OK;Cheque.pdf;
2022/10/13 00:17:35;OK;Cheque.pdf;
2022/10/13 00:17:35;OK;Cheque.pdf;
2022/10/13 00:17:36;OK;Cheque.pdf;
2022/10/14 02:10:57;OK;Slip.pdf;
2022/10/14 02:10:58;OK;Cheque.pdf;
2022/10/14 02:10:59;OK;Cheque.pdf;
2022/10/14 02:10:59;OK;Cheque.pdf;
2022/10/14 02:11:00;OK;Cheque.pdf;
2022/10/14 02:11:01;OK;Cheque.pdf;
2022/10/14 02:11:02;OK;Cheque.pdf;
2022/10/14 02:11:02;OK;Cheque.pdf;
2022/10/14 02:11:03;OK;Cheque.pdf;
2022/10/14 02:11:04;OK;Cheque.pdf;
2022/10/14 02:11:05;OK;Cheque.pdf;
2022/10/14 02:11:05;OK;Cheque.pdf;
2022/10/14 02:11:06;OK;Cheque.pdf;
2022/10/14 02:11:07;OK;Cheque.pdf;
2022/10/14 02:11:08;OK;Cheque.pdf;
2022/10/14 02:11:09;OK;Cheque.pdf;
2022/10/14 02:11:09;OK;Cheque.pdf;
2022/10/14 02:11:10;OK;Cheque.pdf;
2022/10/14 02:11:11;OK;Cheque.pdf;
2022/10/14 02:11:12;OK;Cheque.pdf;
2022/10/14 02:11:12;OK;Cheque.pdf;
2022/10/15 00:37:03;OK;Slip.pdf;
2022/10/15 00:37:04;OK;Cheque.pdf;
2022/10/15 00:37:04;OK;Cheque.pdf;
2022/10/15 00:37:05;OK;Cheque.pdf;
2022/10/15 00:37:06;OK;Cheque.pdf;
2022/10/15 00:37:07;OK;Cheque.pdf;
2022/10/15 00:37:08;OK;Cheque.pdf;
2022/10/15 00:37:09;OK;Cheque.pdf;
2022/10/15 00:37:10;OK;Cheque.pdf;
2022/10/15 00:37:10;OK;Cheque.pdf;
2022/10/15 00:37:11;OK;Cheque.pdf;
2022/10/15 00:37:12;OK;Cheque.pdf;
2022/10/15 00:37:13;OK;Cheque.pdf;
2022/10/15 00:37:14;OK;Cheque.pdf;
2022/10/15 00:37:15;OK;Cheque.pdf;
2022/10/15 00:37:16;OK;Cheque.pdf;
2022/10/18 04:14:16;OK;Slip.pdf;
2022/10/18 04:14:17;OK;Cheque.pdf;
2022/10/18 04:14:17;OK;Cheque.pdf;
2022/10/18 04:14:18;OK;Cheque.pdf;
2022/10/18 04:14:19;OK;Cheque.pdf;
2022/10/18 04:14:20;OK;Cheque.pdf;
2022/10/18 04:14:21;OK;Cheque.pdf;
2022/10/18 04:14:21;OK;Cheque.pdf;
2022/10/18 04:14:22;OK;Cheque.pdf;
2022/10/18 04:14:23;OK;Cheque.pdf;
2022/10/18 04:14:24;OK;Cheque.pdf;
2022/10/18 04:14:24;OK;Cheque.pdf;
2022/10/18 04:14:25;OK;Cheque.pdf;
2022/10/18 04:14:26;OK;Cheque.pdf;
2022/10/18 04:14:27;OK;Cheque.pdf;
2022/10/18 04:14:27;OK;Cheque.pdf;
2022/10/18 04:14:28;OK;Cheque.pdf;
2022/10/18 04:14:29;OK;Cheque.pdf;
2022/10/18 04:14:30;OK;Cheque.pdf;
2022/10/18 04:14:30;OK;Cheque.pdf;
2022/10/18 04:14:31;OK;Cheque.pdf;
2022/10/18 04:14:32;OK;Cheque.pdf;
2022/10/18 04:14:33;OK;Cheque.pdf;
2022/10/18 04:14:34;OK;Cheque.pdf;
2022/10/18 04:14:34;OK;Cheque.pdf;
2022/10/18 04:14:35;OK;Cheque.pdf;
2022/10/18 04:14:36;OK;Cheque.pdf;
2022/10/18 04:14:37;OK;Cheque.pdf;
2022/10/18 04:14:37;OK;Cheque.pdf;
2022/10/18 04:14:38;OK;Cheque.pdf;
2022/10/18 04:14:39;OK;Cheque.pdf;
2022/10/18 04:14:40;OK;Cheque.pdf;
2022/10/18 04:14:40;OK;Cheque.pdf;
2022/10/18 04:14:41;OK;Cheque.pdf;
2022/10/18 04:14:42;OK;Cheque.pdf;
2022/10/18 04:14:43;OK;Cheque.pdf;
2022/10/18 04:14:44;OK;Cheque.pdf;
2022/10/18 04:14:44;OK;Cheque.pdf;
2022/10/18 04:14:45;OK;Cheque.pdf;
2022/10/18 04:14:46;OK;Cheque.pdf;
2022/10/18 04:14:47;OK;Cheque.pdf;
2022/10/18 04:14:47;OK;Cheque.pdf;
2022/10/18 04:14:48;OK;Cheque.pdf;
2022/10/18 04:14:49;OK;Cheque.pdf;
2022/10/18 04:14:50;OK;Cheque.pdf;
2022/10/18 04:14:50;OK;Cheque.pdf;
2022/10/19 04:05:34;OK;Slip.pdf;
2022/10/19 04:05:34;OK;Cheque.pdf;
2022/10/19 04:05:35;OK;Cheque.pdf;
2022/10/19 04:05:36;OK;Cheque.pdf;
2022/10/19 04:05:37;OK;Cheque.pdf;
2022/10/19 04:05:37;OK;Cheque.pdf;
2022/10/19 04:05:38;OK;Cheque.pdf;
2022/10/19 04:05:39;OK;Cheque.pdf;
2022/10/19 04:05:40;OK;Cheque.pdf;
2022/10/19 04:05:41;OK;Cheque.pdf;
2022/10/19 04:05:41;OK;Cheque.pdf;
2022/10/19 04:05:42;OK;Cheque.pdf;
2022/10/19 04:05:43;OK;Cheque.pdf;
2022/10/19 04:05:44;OK;Cheque.pdf;
2022/10/19 04:05:44;OK;Cheque.pdf;
2022/10/19 04:05:45;OK;Cheque.pdf;
2022/10/20 23:36:27;OK;Cheque.pdf;
2022/10/27 02:04:42;OK;Slip.pdf;
2022/10/27 02:04:43;OK;Slip.pdf;
2022/10/27 02:04:44;OK;Slip.pdf;
2022/10/27 02:04:45;OK;Slip.pdf;
2022/10/27 02:04:46;OK;Slip.pdf;
2022/10/27 02:04:47;OK;Slip.pdf;
2022/10/27 02:04:48;OK;Slip.pdf;
2022/10/27 02:04:49;OK;Slip.pdf;
2022/10/27 02:04:50;OK;Slip.pdf;
2022/10/27 02:04:51;OK;Slip.pdf;
2022/10/27 02:04:52;OK;Cheque.pdf;
2022/10/27 02:04:53;OK;Cheque.pdf;
2022/10/27 02:04:54;OK;Cheque.pdf;
2022/10/27 02:04:55;OK;Cheque.pdf;
2022/10/27 02:04:56;OK;Cheque.pdf;
2022/10/27 02:04:57;OK;Cheque.pdf;
2022/10/27 02:04:57;OK;Cheque.pdf;
2022/10/27 02:04:58;OK;Cheque.pdf;
2022/10/27 02:04:59;OK;Cheque.pdf;
2022/10/27 02:05:00;OK;Cheque.pdf;
2022/10/28 03:32:49;OK;Slip.pdf;
2022/10/28 03:32:50;OK;Cheque.pdf;
2022/10/28 03:32:51;OK;Cheque.pdf;
2022/10/28 03:32:52;OK;Cheque.pdf;
2022/10/28 03:32:54;OK;Cheque.pdf;
2022/10/28 03:32:55;OK;Cheque.pdf;
2022/10/31 23:34:08;OK;Slip.pdf;
2022/10/31 23:34:09;OK;Cheque.pdf;
2022/10/31 23:34:10;OK;Cheque.pdf;
2022/10/31 23:34:11;OK;Cheque.pdf;
2022/10/31 23:34:12;OK;Cheque.pdf;
2022/10/31 23:34:12;OK;Cheque.pdf;
2022/10/31 23:34:13;OK;Cheque.pdf;
2022/10/31 23:34:14;OK;Cheque.pdf;
2022/10/31 23:34:15;OK;Cheque.pdf;
2022/10/31 23:34:15;OK;Cheque.pdf;
2022/10/31 23:34:16;OK;Cheque.pdf;
2022/10/31 23:34:17;OK;Cheque.pdf;
2022/10/31 23:34:18;OK;Cheque.pdf;
2022/10/31 23:34:18;OK;Cheque.pdf;
2022/10/31 23:34:19;OK;Cheque.pdf;
2022/10/31 23:34:20;OK;Cheque.pdf;
2022/10/31 23:42:38;OK;Slip.pdf;
2022/10/31 23:42:39;OK;Cheque.pdf;
2022/10/31 23:42:40;OK;Cheque.pdf;
2022/10/31 23:42:41;OK;Cheque.pdf;
2022/10/31 23:42:41;OK;Cheque.pdf;
2022/10/31 23:42:42;OK;Cheque.pdf;
2022/10/31 23:42:43;OK;Cheque.pdf;
2022/10/31 23:42:44;OK;Cheque.pdf;
2022/10/31 23:42:44;OK;Cheque.pdf;
2022/10/31 23:42:45;OK;Cheque.pdf;
2022/10/31 23:42:46;OK;Cheque.pdf;
2022/10/31 23:42:47;OK;Cheque.pdf;
2022/10/31 23:42:48;OK;Cheque.pdf;
2022/10/31 23:42:48;OK;Cheque.pdf;
2022/10/31 23:42:49;OK;Cheque.pdf;
2022/10/31 23:42:50;OK;Cheque.pdf;
2022/11/04 00:29:12;OK;Slip.pdf;
2022/11/04 00:29:13;OK;Cheque.pdf;
2022/11/04 00:29:14;OK;Cheque.pdf;
2022/11/04 00:29:14;OK;Cheque.pdf;
2022/11/04 00:29:15;OK;Cheque.pdf;
2022/11/04 00:29:16;OK;Cheque.pdf;
2022/11/11 01:11:22;OK;Slip.pdf;
2022/11/11 01:11:22;OK;Cheque.pdf;
2022/11/11 01:11:23;OK;Cheque.pdf;
2022/11/11 01:11:24;OK;Cheque.pdf;
2022/11/11 01:11:25;OK;Cheque.pdf;
2022/11/11 01:11:25;OK;Cheque.pdf;
2022/11/11 01:11:26;OK;Cheque.pdf;
2022/11/11 01:11:27;OK;Cheque.pdf;
2022/11/11 01:11:28;OK;Cheque.pdf;
2022/11/11 01:11:28;OK;Cheque.pdf;
2022/11/11 01:11:29;OK;Cheque.pdf;
2022/11/11 01:11:30;OK;Cheque.pdf;
2022/11/11 01:11:31;OK;Cheque.pdf;
2022/11/11 01:11:32;OK;Cheque.pdf;
2022/11/11 01:11:32;OK;Cheque.pdf;
2022/11/11 01:11:33;OK;Cheque.pdf;
2022/11/11 01:11:34;OK;Cheque.pdf;
2022/11/11 01:11:35;OK;Cheque.pdf;
2022/11/11 01:11:35;OK;Cheque.pdf;
2022/11/11 01:11:36;OK;Cheque.pdf;
2022/11/11 01:11:37;OK;Cheque.pdf;
2022/11/11 01:11:38;OK;Cheque.pdf;
2022/11/11 01:11:38;OK;Cheque.pdf;
2022/11/11 01:11:39;OK;Cheque.pdf;
2022/11/11 01:11:40;OK;Cheque.pdf;
2022/11/11 01:11:41;OK;Cheque.pdf;
2022/11/11 01:11:41;OK;Cheque.pdf;
2022/11/11 01:11:42;OK;Cheque.pdf;
2022/11/11 01:11:43;OK;Cheque.pdf;
2022/11/11 01:11:44;OK;Cheque.pdf;
2022/11/11 01:11:44;OK;Cheque.pdf;
2022/11/11 01:11:45;OK;Cheque.pdf;
2022/11/11 01:11:46;OK;Cheque.pdf;
2022/11/11 01:11:47;OK;Cheque.pdf;
2022/11/11 01:11:48;OK;Cheque.pdf;
2022/11/11 01:11:48;OK;Cheque.pdf;
2022/11/11 01:11:49;OK;Cheque.pdf;
2022/11/11 01:11:50;OK;Cheque.pdf;
2022/11/11 01:11:51;OK;Cheque.pdf;
2022/11/11 01:11:51;OK;Cheque.pdf;
2022/11/11 01:11:52;OK;Cheque.pdf;
2022/11/11 01:11:53;OK;Cheque.pdf;
2022/11/11 01:11:54;OK;Cheque.pdf;
2022/11/11 01:11:54;OK;Cheque.pdf;
2022/11/11 01:11:55;OK;Cheque.pdf;
2022/11/11 01:11:56;OK;Cheque.pdf;
2022/11/13 23:58:47;OK;Slip.pdf;
2022/11/13 23:58:48;OK;Slip.pdf;
2022/11/13 23:58:49;OK;Slip.pdf;
2022/11/13 23:58:50;OK;Slip.pdf;
2022/11/13 23:58:51;OK;Slip.pdf;
2022/11/13 23:58:52;OK;Slip.pdf;
2022/11/13 23:58:52;OK;Cheque.pdf;
2022/11/13 23:58:53;OK;Cheque.pdf;
2022/11/13 23:58:54;OK;Cheque.pdf;
2022/11/13 23:58:55;OK;Cheque.pdf;
2022/11/13 23:58:56;OK;Cheque.pdf;
2022/11/13 23:58:56;OK;Cheque.pdf;
2022/11/13 23:58:57;OK;Cheque.pdf;
2022/11/13 23:58:58;OK;Cheque.pdf;
2022/11/13 23:58:59;OK;Cheque.pdf;
2022/11/13 23:58:59;OK;Cheque.pdf;
2022/11/14 00:09:12;OK;Slip.pdf;
2022/11/14 00:09:12;OK;Cheque.pdf;
2022/11/14 00:09:13;OK;Cheque.pdf;
2022/11/14 00:09:14;OK;Cheque.pdf;
2022/11/14 00:09:15;OK;Cheque.pdf;
2022/11/14 00:09:16;OK;Cheque.pdf;
2022/11/14 00:16:04;OK;Slip.pdf;
2022/11/14 00:16:05;OK;Slip.pdf;
2022/11/14 00:16:06;OK;Slip.pdf;
2022/11/14 00:16:07;OK;Slip.pdf;
2022/11/14 00:16:08;OK;Slip.pdf;
2022/11/14 00:16:08;OK;Cheque.pdf;
2022/11/14 00:16:09;OK;Cheque.pdf;
2022/11/14 00:16:10;OK;Cheque.pdf;
2022/11/14 00:16:11;OK;Cheque.pdf;
2022/11/14 00:16:11;OK;Cheque.pdf;
2022/11/21 01:10:06;OK;Slip.pdf;
2022/11/21 01:10:06;OK;Cheque.pdf;
2022/11/21 01:10:07;OK;Cheque.pdf;
2022/11/21 01:10:08;OK;Cheque.pdf;
2022/11/21 01:10:09;OK;Cheque.pdf;
2022/11/21 01:10:10;OK;Cheque.pdf;
2022/11/21 01:10:10;OK;Cheque.pdf;
2022/11/21 01:10:11;OK;Cheque.pdf;
2022/11/21 01:10:12;OK;Cheque.pdf;
2022/11/21 01:10:13;OK;Cheque.pdf;
2022/11/21 01:10:14;OK;Cheque.pdf;
2022/11/21 01:10:14;OK;Cheque.pdf;
2022/11/21 01:10:15;OK;Cheque.pdf;
2022/11/21 01:10:16;OK;Cheque.pdf;
2022/11/21 01:10:17;OK;Cheque.pdf;
2022/11/21 01:10:18;OK;Cheque.pdf;
2022/11/21 01:10:18;OK;Cheque.pdf;
2022/11/21 01:10:19;OK;Cheque.pdf;
2022/11/21 01:10:20;OK;Cheque.pdf;
2022/11/21 01:10:21;OK;Cheque.pdf;
2022/11/21 01:10:22;OK;Cheque.pdf;
2022/11/23 03:19:12;OK;Slip.pdf;
2022/11/23 03:19:13;OK;Cheque.pdf;
2022/11/23 03:19:14;OK;Cheque.pdf;
2022/11/23 03:19:15;OK;Cheque.pdf;
2022/11/23 03:19:15;OK;Cheque.pdf;
2022/11/23 03:19:16;OK;Cheque.pdf;
2022/11/23 03:19:17;OK;Cheque.pdf;
2022/11/23 03:19:18;OK;Cheque.pdf;
2022/11/23 03:19:19;OK;Cheque.pdf;
2022/11/23 03:19:19;OK;Cheque.pdf;
2022/11/23 03:19:20;OK;Cheque.pdf;
2022/11/23 03:19:21;OK;Cheque.pdf;
2022/11/23 03:19:22;OK;Cheque.pdf;
2022/11/23 03:19:22;OK;Cheque.pdf;
2022/11/23 03:19:23;OK;Cheque.pdf;
2022/11/23 03:19:24;OK;Cheque.pdf;
2022/11/23 03:19:25;OK;Cheque.pdf;
2022/11/23 03:19:25;OK;Cheque.pdf;
2022/11/23 03:19:26;OK;Cheque.pdf;
2022/11/23 03:19:27;OK;Cheque.pdf;
2022/11/23 03:19:28;OK;Cheque.pdf;
2022/11/23 03:19:29;OK;Cheque.pdf;
2022/11/23 03:19:29;OK;Cheque.pdf;
2022/11/23 03:19:30;OK;Cheque.pdf;
2022/11/23 03:19:31;OK;Cheque.pdf;
2022/11/23 03:19:32;OK;Cheque.pdf;
2022/11/23 03:19:32;OK;Cheque.pdf;
2022/11/23 03:19:33;OK;Cheque.pdf;
2022/11/23 03:19:34;OK;Cheque.pdf;
2022/11/23 03:19:35;OK;Cheque.pdf;
2022/11/23 03:19:35;OK;Cheque.pdf;
2022/11/23 03:19:36;OK;Cheque.pdf;
2022/11/23 03:19:37;OK;Cheque.pdf;
2022/11/23 03:19:38;OK;Cheque.pdf;
2022/11/23 03:19:38;OK;Cheque.pdf;
2022/11/23 03:19:39;OK;Cheque.pdf;
2022/11/30 03:33:58;OK;Slip.pdf;
2022/11/30 03:33:59;OK;Slip.pdf;
2022/11/30 03:34:00;OK;Cheque.pdf;
2022/11/30 03:34:00;OK;Cheque.pdf;
2022/11/30 03:34:01;OK;Cheque.pdf;
2022/11/30 03:34:02;OK;Cheque.pdf;
2022/11/30 03:34:03;OK;Cheque.pdf;
2022/11/30 03:34:04;OK;Cheque.pdf;
2022/11/30 03:34:04;OK;Cheque.pdf;
2022/11/30 03:34:05;OK;Cheque.pdf;
2022/11/30 03:34:06;OK;Cheque.pdf;
2022/11/30 03:34:07;OK;Cheque.pdf;
2022/11/30 03:34:08;OK;Cheque.pdf;
2022/11/30 03:34:08;OK;Cheque.pdf;
2022/11/30 03:34:09;OK;Cheque.pdf;
2022/11/30 03:34:10;OK;Cheque.pdf;
2022/11/30 03:34:11;OK;Cheque.pdf;
2022/11/30 03:34:12;OK;Cheque.pdf;
2022/11/30 03:34:12;OK;Cheque.pdf;
2022/11/30 03:34:13;OK;Cheque.pdf;
2022/11/30 03:34:14;OK;Cheque.pdf;
2022/11/30 03:34:15;OK;Cheque.pdf;
2022/11/30 03:34:16;OK;Cheque.pdf;
2022/11/30 03:34:16;OK;Cheque.pdf;
2022/11/30 03:34:17;OK;Cheque.pdf;
2022/11/30 03:34:18;OK;Cheque.pdf;
2022/11/30 03:34:19;OK;Cheque.pdf;
2022/11/30 03:34:19;OK;Cheque.pdf;
2022/11/30 03:34:20;OK;Cheque.pdf;
2022/11/30 03:34:21;OK;Cheque.pdf;
2022/11/30 03:34:22;OK;Cheque.pdf;
2022/11/30 03:34:23;OK;Cheque.pdf;
2022/11/30 03:34:23;OK;Cheque.pdf;
2022/11/30 03:34:24;OK;Cheque.pdf;
2022/11/30 03:34:25;OK;Cheque.pdf;
2022/11/30 03:34:26;OK;Cheque.pdf;
2022/11/30 03:34:27;OK;Cheque.pdf;
2022/11/30 03:34:27;OK;Cheque.pdf;
2022/11/30 03:34:28;OK;Cheque.pdf;
2022/11/30 03:34:29;OK;Cheque.pdf;
2022/11/30 03:34:30;OK;Cheque.pdf;
2022/11/30 03:34:31;OK;Cheque.pdf;
2022/11/30 03:34:31;OK;Cheque.pdf;
2022/11/30 03:34:32;OK;Cheque.pdf;
2022/11/30 03:34:33;OK;Cheque.pdf;
2022/11/30 03:34:34;OK;Cheque.pdf;
2022/11/30 03:34:35;OK;Cheque.pdf;
2022/11/30 03:34:36;OK;Cheque.pdf;
2022/11/30 03:34:36;OK;Cheque.pdf;
2022/11/30 03:34:37;OK;Cheque.pdf;
2022/11/30 03:34:38;OK;Cheque.pdf;
2022/11/30 03:34:39;OK;Cheque.pdf;
2022/11/30 03:34:40;OK;Cheque.pdf;
2022/11/30 03:34:40;OK;Cheque.pdf;
2022/11/30 03:34:41;OK;Cheque.pdf;
2022/11/30 03:34:42;OK;Cheque.pdf;
2022/11/30 03:34:43;OK;Cheque.pdf;
2022/12/05 03:13:31;OK;Slip.pdf;
2022/12/05 03:13:32;OK;Cheque.pdf;
2022/12/05 03:13:32;OK;Cheque.pdf;
2022/12/05 03:13:33;OK;Cheque.pdf;
2022/12/05 03:13:34;OK;Cheque.pdf;
2022/12/05 03:13:35;OK;Cheque.pdf;
2022/12/06 03:14:49;OK;Slip.pdf;
2022/12/06 03:14:50;OK;Cheque.pdf;
2022/12/06 03:14:51;OK;Cheque.pdf;
2022/12/06 03:14:52;OK;Cheque.pdf;
2022/12/06 03:14:52;OK;Cheque.pdf;
2022/12/06 03:14:53;OK;Cheque.pdf;
2022/12/06 03:14:54;OK;Cheque.pdf;
2022/12/06 03:14:55;OK;Cheque.pdf;
2022/12/06 03:14:55;OK;Cheque.pdf;
2022/12/06 03:14:56;OK;Cheque.pdf;
2022/12/06 03:14:57;OK;Cheque.pdf;
2022/12/06 03:14:58;OK;Cheque.pdf;
2022/12/06 03:14:58;OK;Cheque.pdf;
2022/12/06 03:14:59;OK;Cheque.pdf;
2022/12/06 03:15:00;OK;Cheque.pdf;
2022/12/06 03:15:01;OK;Cheque.pdf;
2022/12/06 03:15:01;OK;Cheque.pdf;
2022/12/06 03:15:02;OK;Cheque.pdf;
2022/12/06 03:15:03;OK;Cheque.pdf;
2022/12/06 03:15:04;OK;Cheque.pdf;
2022/12/06 03:15:04;OK;Cheque.pdf;
2022/12/06 03:15:05;OK;Cheque.pdf;
2022/12/06 03:15:06;OK;Cheque.pdf;
2022/12/06 03:15:07;OK;Cheque.pdf;
2022/12/06 03:15:07;OK;Cheque.pdf;
2022/12/06 03:15:08;OK;Cheque.pdf;
2022/12/06 03:15:09;OK;Cheque.pdf;
2022/12/06 03:15:10;OK;Cheque.pdf;
2022/12/06 03:15:10;OK;Cheque.pdf;
2022/12/06 03:15:11;OK;Cheque.pdf;
2022/12/06 03:15:12;OK;Cheque.pdf;
2022/12/09 03:29:18;OK;Slip.pdf;
2022/12/09 03:29:19;OK;Cheque.pdf;
2022/12/09 03:29:19;OK;Cheque.pdf;
2022/12/09 03:29:20;OK;Cheque.pdf;
2022/12/09 03:29:21;OK;Cheque.pdf;
2022/12/09 03:29:22;OK;Cheque.pdf;
2022/12/09 03:29:23;OK;Cheque.pdf;
2022/12/09 03:29:23;OK;Cheque.pdf;
2022/12/09 03:29:24;OK;Cheque.pdf;
2022/12/09 03:29:25;OK;Cheque.pdf;
2022/12/09 03:29:26;OK;Cheque.pdf;
2022/12/09 03:29:27;OK;Cheque.pdf;
2022/12/09 03:29:27;OK;Cheque.pdf;
2022/12/09 03:29:28;OK;Cheque.pdf;
2022/12/09 03:29:29;OK;Cheque.pdf;
2022/12/09 03:29:30;OK;Cheque.pdf;
2022/12/09 03:29:30;OK;Cheque.pdf;
2022/12/09 03:29:31;OK;Cheque.pdf;
2022/12/09 03:29:32;OK;Cheque.pdf;
2022/12/09 03:29:33;OK;Cheque.pdf;
2022/12/09 03:29:34;OK;Cheque.pdf;
2022/12/09 03:29:35;OK;Cheque.pdf;
2022/12/09 03:29:35;OK;Cheque.pdf;
2022/12/09 03:29:36;OK;Cheque.pdf;
2022/12/09 03:29:37;OK;Cheque.pdf;
2022/12/09 03:29:38;OK;Cheque.pdf;
2022/12/09 03:29:39;OK;Cheque.pdf;
2022/12/09 03:29:39;OK;Cheque.pdf;
2022/12/09 03:29:40;OK;Cheque.pdf;
2022/12/09 03:29:41;OK;Cheque.pdf;
2022/12/09 03:29:42;OK;Cheque.pdf;
2022/12/09 03:29:42;OK;Cheque.pdf;
2022/12/09 03:29:43;OK;Cheque.pdf;
2022/12/09 03:29:44;OK;Cheque.pdf;
2022/12/09 03:29:45;OK;Cheque.pdf;
2022/12/09 03:29:46;OK;Cheque.pdf;
2022/12/09 03:29:46;OK;Cheque.pdf;
2022/12/09 03:29:47;OK;Cheque.pdf;
2022/12/09 03:29:48;OK;Cheque.pdf;
2022/12/09 03:29:49;OK;Cheque.pdf;
2022/12/09 03:29:50;OK;Cheque.pdf;
2022/12/09 03:29:51;OK;Cheque.pdf;
2022/12/09 03:29:51;OK;Cheque.pdf;
2022/12/09 03:29:53;OK;Cheque.pdf;
2022/12/09 03:29:53;OK;Cheque.pdf;
2022/12/09 03:29:54;OK;Cheque.pdf;
2022/12/12 23:58:34;OK;Slip.pdf;
2022/12/12 23:58:35;OK;Cheque.pdf;
2022/12/12 23:58:36;OK;Cheque.pdf;
2022/12/12 23:58:36;OK;Cheque.pdf;
2022/12/12 23:58:37;OK;Cheque.pdf;
2022/12/12 23:58:38;OK;Cheque.pdf;
2022/12/12 23:58:39;OK;Cheque.pdf;
2022/12/12 23:58:39;OK;Cheque.pdf;
2022/12/12 23:58:40;OK;Cheque.pdf;
2022/12/12 23:58:41;OK;Cheque.pdf;
2022/12/12 23:58:42;OK;Cheque.pdf;
2022/12/12 23:58:43;OK;Cheque.pdf;
2022/12/12 23:58:43;OK;Cheque.pdf;
2022/12/12 23:58:44;OK;Cheque.pdf;
2022/12/12 23:58:45;OK;Cheque.pdf;
2022/12/12 23:58:46;OK;Cheque.pdf;
2022/12/12 23:58:46;OK;Cheque.pdf;
2022/12/12 23:58:47;OK;Cheque.pdf;
2022/12/12 23:58:48;OK;Cheque.pdf;
2022/12/12 23:58:49;OK;Cheque.pdf;
2022/12/12 23:58:49;OK;Cheque.pdf;
2022/12/12 23:58:50;OK;Cheque.pdf;
2022/12/12 23:58:51;OK;Cheque.pdf;
2022/12/12 23:58:52;OK;Cheque.pdf;
2022/12/12 23:58:53;OK;Cheque.pdf;
2022/12/12 23:58:53;OK;Cheque.pdf;
2022/12/12 23:58:54;OK;Cheque.pdf;
2022/12/12 23:58:55;OK;Cheque.pdf;
2022/12/12 23:58:56;OK;Cheque.pdf;
2022/12/12 23:58:57;OK;Cheque.pdf;
2022/12/12 23:58:57;OK;Cheque.pdf;
2022/12/12 23:58:58;OK;Cheque.pdf;
2022/12/12 23:58:59;OK;Cheque.pdf;
2022/12/12 23:59:00;OK;Cheque.pdf;
2022/12/12 23:59:00;OK;Cheque.pdf;
2022/12/12 23:59:01;OK;Cheque.pdf;
2022/12/21 02:00:09;OK;Slip.pdf;
2022/12/21 02:00:10;OK;Cheque.pdf;
2022/12/21 02:00:11;OK;Cheque.pdf;
2022/12/21 02:00:12;OK;Cheque.pdf;
2022/12/21 02:00:12;OK;Cheque.pdf;
2022/12/21 02:00:13;OK;Cheque.pdf;
2022/12/21 02:00:14;OK;Cheque.pdf;
2022/12/21 02:00:15;OK;Cheque.pdf;
2022/12/21 02:00:16;OK;Cheque.pdf;
2022/12/21 02:00:16;OK;Cheque.pdf;
2022/12/21 02:00:17;OK;Cheque.pdf;
2022/12/21 02:00:18;OK;Cheque.pdf;
2022/12/21 02:00:19;OK;Cheque.pdf;
2022/12/21 02:00:20;OK;Cheque.pdf;
2022/12/21 02:00:20;OK;Cheque.pdf;
2022/12/28 00:04:23;OK;Slip.pdf;
2022/12/28 00:04:24;OK;Slip.pdf;
2022/12/28 00:04:25;OK;Cheque.pdf;
2022/12/28 00:04:26;OK;Cheque.pdf;
2022/12/28 00:04:26;OK;Cheque.pdf;
2022/12/28 00:04:27;OK;Cheque.pdf;
2022/12/28 00:04:28;OK;Cheque.pdf;
2022/12/28 00:04:29;OK;Cheque.pdf;
2022/12/28 00:04:29;OK;Cheque.pdf;
2022/12/28 00:04:30;OK;Cheque.pdf;
2022/12/28 00:04:31;OK;Cheque.pdf;
2022/12/28 00:04:32;OK;Cheque.pdf;
2022/12/28 00:04:33;OK;Cheque.pdf;
2022/12/28 00:04:33;OK;Cheque.pdf;
2022/12/28 00:04:34;OK;Cheque.pdf;
2022/12/28 00:04:35;OK;Cheque.pdf;
2022/12/28 00:04:36;OK;Cheque.pdf;
2022/12/28 00:04:36;OK;Cheque.pdf;
2022/12/28 00:04:37;OK;Cheque.pdf;
2022/12/28 00:04:38;OK;Cheque.pdf;
2022/12/28 00:04:39;OK;Cheque.pdf;
2022/12/28 00:04:39;OK;Cheque.pdf;
2022/12/28 00:04:40;OK;Cheque.pdf;
2022/12/28 00:04:41;OK;Cheque.pdf;
2022/12/28 00:04:42;OK;Cheque.pdf;
2022/12/28 00:04:42;OK;Cheque.pdf;
2022/12/28 00:04:43;OK;Cheque.pdf;
2022/12/28 00:04:44;OK;Cheque.pdf;
2022/12/28 00:04:45;OK;Cheque.pdf;
2022/12/28 00:04:46;OK;Cheque.pdf;
2022/12/28 00:04:46;OK;Cheque.pdf;
2022/12/28 00:04:47;OK;Cheque.pdf;
2022/12/28 00:04:48;OK;Cheque.pdf;
2022/12/28 00:04:49;OK;Cheque.pdf;
2022/12/28 00:04:49;OK;Cheque.pdf;
2022/12/28 00:04:50;OK;Cheque.pdf;
2022/12/28 00:04:51;OK;Cheque.pdf;
2022/12/31 00:05:39;OK;Slip.pdf;
2022/12/31 00:05:40;OK;Cheque.pdf;
2022/12/31 00:05:41;OK;Cheque.pdf;
2022/12/31 00:05:41;OK;Cheque.pdf;
2022/12/31 00:05:42;OK;Cheque.pdf;
2022/12/31 00:05:43;OK;Cheque.pdf;
2022/12/31 00:05:44;OK;Cheque.pdf;
2022/12/31 00:05:44;OK;Cheque.pdf;
2022/12/31 00:05:45;OK;Cheque.pdf;
2022/12/31 00:05:46;OK;Cheque.pdf;
2022/12/31 00:05:47;OK;Cheque.pdf;
2022/12/31 00:05:48;OK;Cheque.pdf;
2022/12/31 00:05:48;OK;Cheque.pdf;
2022/12/31 00:05:49;OK;Cheque.pdf;
2022/12/31 00:05:50;OK;Cheque.pdf;
2022/12/31 00:05:51;OK;Cheque.pdf;
2022/12/31 00:05:52;OK;Cheque.pdf;
2022/12/31 00:05:53;OK;Cheque.pdf;
2022/12/31 00:05:53;OK;Cheque.pdf;
2022/12/31 00:05:54;OK;Cheque.pdf;
2022/12/31 00:05:55;OK;Cheque.pdf;
2022/12/31 00:05:56;OK;Cheque.pdf;
2022/12/31 00:05:57;OK;Cheque.pdf;
2022/12/31 00:05:57;OK;Cheque.pdf;
2022/12/31 00:05:58;OK;Cheque.pdf;
2022/12/31 00:05:59;OK;Cheque.pdf;
2022/12/31 00:06:00;OK;Cheque.pdf;
2022/12/31 00:06:01;OK;Cheque.pdf;
2022/12/31 00:06:01;OK;Cheque.pdf;
2022/12/31 00:06:02;OK;Cheque.pdf;
2022/12/31 00:06:03;OK;Cheque.pdf;
2022/12/31 00:06:04;OK;Cheque.pdf;
2022/12/31 00:06:04;OK;Cheque.pdf;
2022/12/31 00:06:05;OK;Cheque.pdf;
2022/12/31 00:06:06;OK;Cheque.pdf;
2022/12/31 00:06:07;OK;Cheque.pdf;
2023/01/04 03:00:00;OK;Slip.pdf;
2023/01/04 03:00:01;OK;Cheque.pdf;
2023/01/04 03:00:02;OK;Cheque.pdf;
2023/01/04 03:00:03;OK;Cheque.pdf;
2023/01/04 03:00:04;OK;Cheque.pdf;
2023/01/04 03:00:04;OK;Cheque.pdf;
2023/01/04 03:00:05;OK;Cheque.pdf;
2023/01/04 03:00:06;OK;Cheque.pdf;
2023/01/04 03:00:07;OK;Cheque.pdf;
2023/01/04 03:00:07;OK;Cheque.pdf;
2023/01/04 03:00:08;OK;Cheque.pdf;
2023/01/04 03:00:09;OK;Cheque.pdf;
2023/01/04 03:00:10;OK;Cheque.pdf;
2023/01/04 03:00:10;OK;Cheque.pdf;
2023/01/04 03:00:11;OK;Cheque.pdf;
2023/01/04 03:00:12;OK;Cheque.pdf;
2023/01/04 03:00:12;OK;Cheque.pdf;
2023/01/04 03:00:13;OK;Cheque.pdf;
2023/01/04 03:00:14;OK;Cheque.pdf;
2023/01/04 03:00:15;OK;Cheque.pdf;
2023/01/04 03:00:15;OK;Cheque.pdf;
2023/01/10 01:27:15;OK;Slip.pdf;
2023/01/10 01:27:16;OK;Cheque.pdf;
2023/01/10 01:27:17;OK;Cheque.pdf;
2023/01/10 01:27:18;OK;Cheque.pdf;
2023/01/10 01:27:18;OK;Cheque.pdf;
2023/01/10 01:27:19;OK;Cheque.pdf;
2023/01/10 01:27:20;OK;Cheque.pdf;
2023/01/10 01:27:21;OK;Cheque.pdf;
2023/01/10 01:27:22;OK;Cheque.pdf;
2023/01/10 01:27:22;OK;Cheque.pdf;
2023/01/10 01:27:23;OK;Cheque.pdf;
2023/01/10 01:27:24;OK;Cheque.pdf;
2023/01/10 01:27:25;OK;Cheque.pdf;
2023/01/10 01:27:26;OK;Cheque.pdf;
2023/01/10 01:27:27;OK;Cheque.pdf;
2023/01/10 01:27:27;OK;Cheque.pdf;
2023/01/10 01:27:28;OK;Cheque.pdf;
2023/01/10 01:27:29;OK;Cheque.pdf;
2023/01/10 01:27:30;OK;Cheque.pdf;
2023/01/10 01:27:30;OK;Cheque.pdf;
2023/01/10 01:27:31;OK;Cheque.pdf;
2023/01/18 23:30:14;OK;Slip.pdf;
2023/01/18 23:30:15;OK;Slip.pdf;
2023/01/18 23:30:16;OK;Cheque.pdf;
2023/01/18 23:30:17;OK;Cheque.pdf;
2023/01/18 23:30:18;OK;Cheque.pdf;
2023/01/18 23:30:18;OK;Cheque.pdf;
2023/01/18 23:30:19;OK;Cheque.pdf;
2023/01/18 23:30:20;OK;Cheque.pdf;
2023/01/18 23:30:21;OK;Cheque.pdf;
2023/01/18 23:30:22;OK;Cheque.pdf;
2023/01/18 23:30:22;OK;Cheque.pdf;
2023/01/18 23:30:23;OK;Cheque.pdf;
2023/01/18 23:30:24;OK;Cheque.pdf;
2023/01/18 23:30:25;OK;Cheque.pdf;
2023/01/18 23:30:25;OK;Cheque.pdf;
2023/01/18 23:30:26;OK;Cheque.pdf;
2023/01/18 23:30:27;OK;Cheque.pdf;
2023/01/18 23:30:28;OK;Cheque.pdf;
2023/01/18 23:30:29;OK;Cheque.pdf;
2023/01/18 23:30:30;OK;Cheque.pdf;
2023/01/18 23:30:30;OK;Cheque.pdf;
2023/01/18 23:30:31;OK;Cheque.pdf;
2023/01/18 23:30:32;OK;Cheque.pdf;
2023/01/18 23:30:33;OK;Cheque.pdf;
2023/01/18 23:30:34;OK;Cheque.pdf;
2023/01/18 23:30:35;OK;Cheque.pdf;
2023/01/18 23:30:35;OK;Cheque.pdf;
2023/01/18 23:30:36;OK;Cheque.pdf;
2023/01/18 23:30:37;OK;Cheque.pdf;
2023/01/18 23:30:38;OK;Cheque.pdf;
2023/01/18 23:30:39;OK;Cheque.pdf;
2023/01/18 23:30:40;OK;Cheque.pdf;
2023/01/18 23:30:40;OK;Cheque.pdf;
2023/01/18 23:30:41;OK;Cheque.pdf;
2023/01/18 23:30:42;OK;Cheque.pdf;
2023/01/18 23:30:43;OK;Cheque.pdf;
2023/01/18 23:30:44;OK;Cheque.pdf;
2023/01/18 23:30:45;OK;Cheque.pdf;
2023/01/18 23:30:45;OK;Cheque.pdf;
2023/01/18 23:30:46;OK;Cheque.pdf;
2023/01/18 23:30:47;OK;Cheque.pdf;
2023/01/18 23:30:48;OK;Cheque.pdf;
2023/01/23 00:31:05;OK;Slip.pdf;
2023/01/23 00:31:05;OK;Cheque.pdf;
2023/01/23 00:31:06;OK;Cheque.pdf;
2023/01/23 00:31:07;OK;Cheque.pdf;
2023/01/23 00:31:08;OK;Cheque.pdf;
2023/01/23 00:31:09;OK;Cheque.pdf;
2023/01/26 21:17:36;OK;Slip.pdf;
2023/01/26 21:17:37;OK;Cheque.pdf;
2023/01/26 21:17:38;OK;Cheque.pdf;
2023/01/26 21:17:38;OK;Cheque.pdf;
2023/01/26 21:17:39;OK;Cheque.pdf;
2023/01/26 21:17:40;OK;Cheque.pdf;
2023/01/27 02:43:27;OK;Slip.pdf;
2023/01/27 02:43:28;OK;Cheque.pdf;
2023/01/27 02:43:29;OK;Cheque.pdf;
2023/01/27 02:43:30;OK;Cheque.pdf;
2023/01/27 02:43:31;OK;Cheque.pdf;
2023/01/27 02:43:31;OK;Cheque.pdf;
2023/01/27 02:43:32;OK;Cheque.pdf;
2023/01/27 02:43:33;OK;Cheque.pdf;
2023/01/27 02:43:34;OK;Cheque.pdf;
2023/01/27 02:43:34;OK;Cheque.pdf;
2023/01/27 02:43:35;OK;Cheque.pdf;
2023/01/27 02:43:36;OK;Cheque.pdf;
2023/01/27 02:43:37;OK;Cheque.pdf;
2023/01/27 02:43:38;OK;Cheque.pdf;
2023/01/27 02:43:38;OK;Cheque.pdf;
2023/01/27 02:43:39;OK;Cheque.pdf;
2023/01/27 02:43:40;OK;Cheque.pdf;
2023/01/27 02:43:41;OK;Cheque.pdf;
2023/01/27 02:43:41;OK;Cheque.pdf;
2023/01/27 02:43:42;OK;Cheque.pdf;
2023/01/27 02:43:43;OK;Cheque.pdf;
2023/02/02 21:48:33;OK;Slip.pdf;
2023/02/02 21:48:34;OK;Cheque.pdf;
2023/02/02 21:48:35;OK;Cheque.pdf;
2023/02/02 21:48:36;OK;Cheque.pdf;
2023/02/02 21:48:37;OK;Cheque.pdf;
2023/02/02 21:48:37;OK;Cheque.pdf;
2023/02/02 21:48:38;OK;Cheque.pdf;
2023/02/02 21:48:39;OK;Cheque.pdf;
2023/02/02 21:48:40;OK;Cheque.pdf;
2023/02/02 21:48:41;OK;Cheque.pdf;
2023/02/02 21:48:42;OK;Cheque.pdf;
2023/02/02 21:48:43;OK;Cheque.pdf;
2023/02/02 21:48:43;OK;Cheque.pdf;
2023/02/02 21:48:44;OK;Cheque.pdf;
2023/02/02 21:48:45;OK;Cheque.pdf;
2023/02/02 21:48:46;OK;Cheque.pdf;
2023/02/02 21:48:47;OK;Cheque.pdf;
2023/02/02 21:48:48;OK;Cheque.pdf;
2023/02/02 21:48:49;OK;Cheque.pdf;
2023/02/02 21:48:49;OK;Cheque.pdf;
2023/02/02 21:48:50;OK;Cheque.pdf;
2023/02/07 01:58:59;OK;Slip.pdf;
2023/02/07 01:59:00;OK;Cheque.pdf;
2023/02/07 01:59:01;OK;Cheque.pdf;
2023/02/07 01:59:02;OK;Cheque.pdf;
2023/02/07 01:59:02;OK;Cheque.pdf;
2023/02/07 01:59:03;OK;Cheque.pdf;
2023/02/07 01:59:04;OK;Cheque.pdf;
2023/02/07 01:59:05;OK;Cheque.pdf;
2023/02/07 01:59:05;OK;Cheque.pdf;
2023/02/07 01:59:06;OK;Cheque.pdf;
2023/02/07 01:59:07;OK;Cheque.pdf;
2023/02/07 01:59:08;OK;Cheque.pdf;
2023/02/07 01:59:09;OK;Cheque.pdf;
2023/02/07 01:59:09;OK;Cheque.pdf;
2023/02/07 01:59:10;OK;Cheque.pdf;
2023/02/07 01:59:11;OK;Cheque.pdf;
2023/02/07 02:04:14;OK;Slip.pdf;
2023/02/07 02:04:15;OK;Cheque.pdf;
2023/02/07 02:04:16;OK;Cheque.pdf;
2023/02/07 02:04:17;OK;Cheque.pdf;
2023/02/07 02:04:17;OK;Cheque.pdf;
2023/02/07 02:04:18;OK;Cheque.pdf;
2023/02/07 22:49:07;OK;Slip.pdf;
2023/02/07 22:49:08;OK;Cheque.pdf;
2023/02/07 22:49:09;OK;Cheque.pdf;
2023/02/07 22:49:09;OK;Cheque.pdf;
2023/02/07 22:49:10;OK;Cheque.pdf;
2023/02/07 22:49:11;OK;Cheque.pdf;
2023/02/07 22:49:12;OK;Cheque.pdf;
2023/02/07 22:49:13;OK;Cheque.pdf;
2023/02/07 22:49:13;OK;Cheque.pdf;
2023/02/07 22:49:14;OK;Cheque.pdf;
2023/02/07 22:49:15;OK;Cheque.pdf;
2023/02/07 22:49:16;OK;Cheque.pdf;
2023/02/07 22:49:16;OK;Cheque.pdf;
2023/02/07 22:49:17;OK;Cheque.pdf;
2023/02/07 22:49:18;OK;Cheque.pdf;
2023/02/07 22:49:19;OK;Cheque.pdf;
2023/02/07 22:49:19;OK;Cheque.pdf;
2023/02/07 22:49:20;OK;Cheque.pdf;
2023/02/07 22:49:21;OK;Cheque.pdf;
2023/02/07 22:49:22;OK;Cheque.pdf;
2023/02/07 22:49:22;OK;Cheque.pdf;
2023/02/07 22:49:23;OK;Cheque.pdf;
2023/02/07 22:49:24;OK;Cheque.pdf;
2023/02/07 22:49:25;OK;Cheque.pdf;
2023/02/07 22:49:25;OK;Cheque.pdf;
2023/02/07 22:49:26;OK;Cheque.pdf;
2023/02/07 22:49:27;OK;Cheque.pdf;
2023/02/07 22:49:28;OK;Cheque.pdf;
2023/02/07 22:49:29;OK;Cheque.pdf;
2023/02/07 22:49:29;OK;Cheque.pdf;
2023/02/07 22:49:30;OK;Cheque.pdf;
2023/02/07 22:49:31;OK;Cheque.pdf;
2023/02/07 22:49:32;OK;Cheque.pdf;
2023/02/07 22:49:32;OK;Cheque.pdf;
2023/02/07 22:49:33;OK;Cheque.pdf;
2023/02/07 22:49:34;OK;Cheque.pdf;
2023/02/13 22:33:03;OK;Slip.pdf;
2023/02/13 22:33:04;OK;Cheque.pdf;
2023/02/13 22:33:05;OK;Cheque.pdf;
2023/02/13 22:33:06;OK;Cheque.pdf;
2023/02/13 22:33:07;OK;Cheque.pdf;
2023/02/13 22:33:08;OK;Cheque.pdf;
2023/02/13 23:01:48;OK;Slip.pdf;
2023/02/13 23:01:49;OK;Cheque.pdf;
2023/02/13 23:01:50;OK;Cheque.pdf;
2023/02/13 23:01:51;OK;Cheque.pdf;
2023/02/13 23:01:52;OK;Cheque.pdf;
2023/02/13 23:01:52;OK;Cheque.pdf;
2023/02/13 23:01:53;OK;Cheque.pdf;
2023/02/13 23:01:54;OK;Cheque.pdf;
2023/02/13 23:01:55;OK;Cheque.pdf;
2023/02/13 23:01:55;OK;Cheque.pdf;
2023/02/13 23:01:56;OK;Cheque.pdf;
2023/02/13 23:01:57;OK;Cheque.pdf;
2023/02/13 23:01:58;OK;Cheque.pdf;
2023/02/13 23:01:58;OK;Cheque.pdf;
2023/02/13 23:01:59;OK;Cheque.pdf;
2023/02/13 23:02:00;OK;Cheque.pdf;
2023/02/21 00:26:42;OK;Slip.pdf;
2023/02/21 00:26:43;OK;Cheque.pdf;
2023/02/21 00:26:44;OK;Cheque.pdf;
2023/02/21 00:26:44;OK;Cheque.pdf;
2023/02/21 00:26:45;OK;Cheque.pdf;
2023/02/21 00:26:46;OK;Cheque.pdf;
2023/02/21 00:26:47;OK;Cheque.pdf;
2023/02/21 00:26:48;OK;Cheque.pdf;
2023/02/21 00:26:49;OK;Cheque.pdf;
2023/02/21 00:26:49;OK;Cheque.pdf;
2023/02/21 00:26:50;OK;Cheque.pdf;
2023/02/21 00:26:51;OK;Cheque.pdf;
2023/02/21 00:26:52;OK;Cheque.pdf;
2023/02/21 00:26:52;OK;Cheque.pdf;
2023/02/21 00:26:53;OK;Cheque.pdf;
2023/02/21 00:26:54;OK;Cheque.pdf;
2023/02/21 00:26:55;OK;Cheque.pdf;
2023/02/21 00:26:56;OK;Cheque.pdf;
2023/02/21 00:26:56;OK;Cheque.pdf;
2023/02/21 00:26:57;OK;Cheque.pdf;
2023/02/21 00:26:58;OK;Cheque.pdf;
2023/02/23 22:35:02;OK;Slip.pdf;
2023/02/23 22:35:03;OK;Cheque.pdf;
2023/02/23 22:35:04;OK;Cheque.pdf;
2023/02/23 22:35:05;OK;Cheque.pdf;
2023/02/23 22:35:06;OK;Cheque.pdf;
2023/02/23 22:35:06;OK;Cheque.pdf;
2023/02/23 22:35:07;OK;Cheque.pdf;
2023/02/23 22:35:08;OK;Cheque.pdf;
2023/02/23 22:35:09;OK;Cheque.pdf;
2023/02/23 22:35:10;OK;Cheque.pdf;
2023/02/23 22:35:11;OK;Cheque.pdf;
2023/02/23 22:35:12;OK;Cheque.pdf;
2023/02/23 22:35:13;OK;Cheque.pdf;
2023/02/23 22:35:13;OK;Cheque.pdf;
2023/02/23 22:35:14;OK;Cheque.pdf;
2023/02/23 22:35:15;OK;Cheque.pdf;
2023/02/28 00:43:48;OK;Slip.pdf;
2023/02/28 00:43:49;OK;Cheque.pdf;
2023/02/28 00:43:50;OK;Cheque.pdf;
2023/02/28 00:43:51;OK;Cheque.pdf;
2023/02/28 00:43:52;OK;Cheque.pdf;
2023/02/28 00:43:53;OK;Cheque.pdf;
2023/02/28 00:43:54;OK;Cheque.pdf;
2023/02/28 00:43:55;OK;Cheque.pdf;
2023/02/28 00:43:55;OK;Cheque.pdf;
2023/02/28 00:43:56;OK;Cheque.pdf;
2023/02/28 00:43:57;OK;Cheque.pdf;
2023/02/28 00:43:58;OK;Cheque.pdf;
2023/02/28 00:43:58;OK;Cheque.pdf;
2023/02/28 00:43:59;OK;Cheque.pdf;
2023/02/28 00:44:00;OK;Cheque.pdf;
2023/02/28 00:44:01;OK;Cheque.pdf;
2023/02/28 00:44:02;OK;Cheque.pdf;
2023/02/28 00:44:03;OK;Cheque.pdf;
2023/02/28 00:44:03;OK;Cheque.pdf;
2023/02/28 00:44:04;OK;Cheque.pdf;
2023/02/28 00:44:05;OK;Cheque.pdf;
2023/02/28 00:44:06;OK;Cheque.pdf;
2023/02/28 00:44:07;OK;Cheque.pdf;
2023/02/28 00:44:07;OK;Cheque.pdf;
2023/02/28 00:44:08;OK;Cheque.pdf;
2023/02/28 00:44:09;OK;Cheque.pdf;
2023/02/28 00:44:10;OK;Cheque.pdf;
2023/02/28 00:44:11;OK;Cheque.pdf;
2023/02/28 00:44:11;OK;Cheque.pdf;
2023/02/28 00:44:12;OK;Cheque.pdf;
2023/02/28 00:44:13;OK;Cheque.pdf;
2023/03/02 00:21:55;OK;Slip.pdf;
2023/03/02 00:21:56;OK;Cheque.pdf;
2023/03/02 00:21:57;OK;Cheque.pdf;
2023/03/02 00:21:58;OK;Cheque.pdf;
2023/03/02 00:21:59;OK;Cheque.pdf;
2023/03/02 00:21:59;OK;Cheque.pdf;
2023/03/02 00:22:00;OK;Cheque.pdf;
2023/03/02 00:22:01;OK;Cheque.pdf;
2023/03/02 00:22:02;OK;Cheque.pdf;
2023/03/02 00:22:02;OK;Cheque.pdf;
2023/03/02 00:22:03;OK;Cheque.pdf;
2023/03/02 00:22:04;OK;Cheque.pdf;
2023/03/02 00:22:05;OK;Cheque.pdf;
2023/03/02 00:22:06;OK;Cheque.pdf;
2023/03/02 00:22:06;OK;Cheque.pdf;
2023/03/02 00:22:07;OK;Cheque.pdf;
2023/03/04 02:43:09;OK;Slip.pdf;
2023/03/04 02:43:10;OK;Cheque.pdf;
2023/03/04 02:43:11;OK;Cheque.pdf;
2023/03/04 02:43:12;OK;Cheque.pdf;
2023/03/04 02:43:12;OK;Cheque.pdf;
2023/03/04 02:43:13;OK;Cheque.pdf;
2023/03/04 02:43:14;OK;Cheque.pdf;
2023/03/04 02:43:15;OK;Cheque.pdf;
2023/03/04 02:43:15;OK;Cheque.pdf;
2023/03/04 02:43:16;OK;Cheque.pdf;
2023/03/04 02:43:17;OK;Cheque.pdf;
2023/03/04 02:43:18;OK;Cheque.pdf;
2023/03/04 02:43:19;OK;Cheque.pdf;
2023/03/04 02:43:19;OK;Cheque.pdf;
2023/03/04 02:43:20;OK;Cheque.pdf;
2023/03/04 02:43:21;OK;Cheque.pdf;
2023/03/04 02:43:22;OK;Cheque.pdf;
2023/03/04 02:43:22;OK;Cheque.pdf;
2023/03/04 02:43:23;OK;Cheque.pdf;
2023/03/04 02:43:24;OK;Cheque.pdf;
2023/03/04 02:43:25;OK;Cheque.pdf;
2023/03/08 03:08:45;OK;Slip.pdf;
2023/03/08 03:08:46;OK;Cheque.pdf;
2023/03/08 03:08:47;OK;Cheque.pdf;
2023/03/08 03:08:48;OK;Cheque.pdf;
2023/03/08 03:08:49;OK;Cheque.pdf;
2023/03/08 03:08:49;OK;Cheque.pdf;
2023/03/08 23:20:22;OK;Slip.pdf;
2023/03/08 23:20:22;OK;Cheque.pdf;
2023/03/08 23:20:23;OK;Cheque.pdf;
2023/03/08 23:20:24;OK;Cheque.pdf;
2023/03/08 23:20:25;OK;Cheque.pdf;
2023/03/08 23:20:25;OK;Cheque.pdf;
2023/03/08 23:20:26;OK;Cheque.pdf;
2023/03/08 23:20:27;OK;Cheque.pdf;
2023/03/08 23:20:28;OK;Cheque.pdf;
2023/03/08 23:20:29;OK;Cheque.pdf;
2023/03/08 23:20:29;OK;Cheque.pdf;
2023/03/09 23:21:09;OK;Slip.pdf;
2023/03/09 23:21:10;OK;Slip.pdf;
2023/03/09 23:21:11;OK;Cheque.pdf;
2023/03/09 23:21:12;OK;Cheque.pdf;
2023/03/09 23:21:13;OK;Cheque.pdf;
2023/03/09 23:21:14;OK;Cheque.pdf;
2023/03/09 23:21:15;OK;Cheque.pdf;
2023/03/09 23:21:16;OK;Cheque.pdf;
2023/03/09 23:21:16;OK;Cheque.pdf;
2023/03/09 23:21:17;OK;Cheque.pdf;
2023/03/09 23:21:18;OK;Cheque.pdf;
2023/03/09 23:21:19;OK;Cheque.pdf;
2023/03/09 23:21:20;OK;Cheque.pdf;
2023/03/09 23:21:20;OK;Cheque.pdf;
2023/03/09 23:21:21;OK;Cheque.pdf;
2023/03/09 23:21:22;OK;Cheque.pdf;
2023/03/09 23:21:23;OK;Cheque.pdf;
2023/03/09 23:21:24;OK;Cheque.pdf;
2023/03/09 23:21:24;OK;Cheque.pdf;
2023/03/09 23:21:25;OK;Cheque.pdf;
2023/03/09 23:21:26;OK;Cheque.pdf;
2023/03/09 23:21:27;OK;Cheque.pdf;
2023/03/09 23:21:28;OK;Cheque.pdf;
2023/03/09 23:21:28;OK;Cheque.pdf;
2023/03/09 23:21:29;OK;Cheque.pdf;
2023/03/09 23:21:30;OK;Cheque.pdf;
2023/03/09 23:21:31;OK;Cheque.pdf;
2023/03/09 23:21:32;OK;Cheque.pdf;
2023/03/09 23:21:32;OK;Cheque.pdf;
2023/03/09 23:21:33;OK;Cheque.pdf;
2023/03/09 23:21:34;OK;Cheque.pdf;
2023/03/09 23:21:35;OK;Cheque.pdf;
2023/03/09 23:21:36;OK;Cheque.pdf;
2023/03/09 23:21:36;OK;Cheque.pdf;
2023/03/09 23:21:37;OK;Cheque.pdf;
2023/03/09 23:21:38;OK;Cheque.pdf;
2023/03/09 23:21:39;OK;Cheque.pdf;
2023/03/09 23:21:40;OK;Cheque.pdf;
2023/03/09 23:21:40;OK;Cheque.pdf;
2023/03/09 23:21:41;OK;Cheque.pdf;
2023/03/09 23:21:42;OK;Cheque.pdf;
2023/03/09 23:21:43;OK;Cheque.pdf;
2023/03/09 23:21:44;OK;Cheque.pdf;
2023/03/09 23:21:44;OK;Cheque.pdf;
2023/03/09 23:21:45;OK;Cheque.pdf;
2023/03/09 23:21:46;OK;Cheque.pdf;
2023/03/09 23:21:47;OK;Cheque.pdf;
2023/03/09 23:21:48;OK;Cheque.pdf;
2023/03/09 23:21:49;OK;Cheque.pdf;
2023/03/09 23:21:49;OK;Cheque.pdf;
2023/03/09 23:21:50;OK;Cheque.pdf;
2023/03/09 23:21:51;OK;Cheque.pdf;
2023/03/13 03:14:35;OK;Slip.pdf;
2023/03/13 03:14:36;OK;Cheque.pdf;
2023/03/13 03:14:37;OK;Cheque.pdf;
2023/03/13 03:14:38;OK;Cheque.pdf;
2023/03/13 03:14:39;OK;Cheque.pdf;
2023/03/13 03:14:39;OK;Cheque.pdf;
2023/03/13 03:14:40;OK;Cheque.pdf;
2023/03/13 03:14:41;OK;Cheque.pdf;
2023/03/13 03:14:42;OK;Cheque.pdf;
2023/03/13 03:14:43;OK;Cheque.pdf;
2023/03/13 03:14:43;OK;Cheque.pdf;
2023/03/22 23:56:42;OK;Slip.pdf;
2023/03/22 23:56:43;OK;Slip.pdf;
2023/03/22 23:56:43;OK;Cheque.pdf;
2023/03/22 23:56:44;OK;Cheque.pdf;
2023/03/22 23:56:45;OK;Cheque.pdf;
2023/03/22 23:56:46;OK;Cheque.pdf;
2023/03/22 23:56:47;OK;Cheque.pdf;
2023/03/22 23:56:47;OK;Cheque.pdf;
2023/03/22 23:56:48;OK;Cheque.pdf;
2023/03/22 23:56:49;OK;Cheque.pdf;
2023/03/22 23:56:50;OK;Cheque.pdf;
2023/03/22 23:56:51;OK;Cheque.pdf;
2023/03/22 23:56:51;OK;Cheque.pdf;
2023/03/22 23:56:52;OK;Cheque.pdf;
2023/03/22 23:56:53;OK;Cheque.pdf;
2023/03/22 23:56:54;OK;Cheque.pdf;
2023/03/22 23:56:54;OK;Cheque.pdf;
2023/03/22 23:56:55;OK;Cheque.pdf;
2023/03/22 23:56:56;OK;Cheque.pdf;
2023/03/22 23:56:57;OK;Cheque.pdf;
2023/03/22 23:56:57;OK;Cheque.pdf;
2023/03/22 23:56:58;OK;Cheque.pdf;
2023/03/22 23:56:59;OK;Cheque.pdf;
2023/03/22 23:57:00;OK;Cheque.pdf;
2023/03/22 23:57:01;OK;Cheque.pdf;
2023/03/22 23:57:02;OK;Cheque.pdf;
2023/03/22 23:57:03;OK;Cheque.pdf;
2023/03/22 23:57:03;OK;Cheque.pdf;
2023/03/22 23:57:04;OK;Cheque.pdf;
2023/03/22 23:57:05;OK;Cheque.pdf;
2023/03/22 23:57:06;OK;Cheque.pdf;
2023/03/22 23:57:07;OK;Cheque.pdf;
2023/03/22 23:57:07;OK;Cheque.pdf;
2023/03/22 23:57:08;OK;Cheque.pdf;
2023/03/22 23:57:09;OK;Cheque.pdf;
2023/03/22 23:57:10;OK;Cheque.pdf;
2023/03/22 23:57:10;OK;Cheque.pdf;
2023/03/22 23:57:11;OK;Cheque.pdf;
2023/03/22 23:57:12;OK;Cheque.pdf;
2023/03/22 23:57:13;OK;Cheque.pdf;
2023/03/22 23:57:14;OK;Cheque.pdf;
2023/03/22 23:57:14;OK;Cheque.pdf;
2023/03/22 23:57:15;OK;Cheque.pdf;
2023/03/22 23:57:16;OK;Cheque.pdf;
2023/03/22 23:57:17;OK;Cheque.pdf;
2023/03/22 23:57:17;OK;Cheque.pdf;
2023/03/22 23:57:18;OK;Cheque.pdf;
2023/03/22 23:57:19;OK;Cheque.pdf;
2023/03/22 23:57:20;OK;Cheque.pdf;
2023/03/22 23:57:21;OK;Cheque.pdf;
2023/03/22 23:57:21;OK;Cheque.pdf;
2023/03/22 23:57:22;OK;Cheque.pdf;
2023/03/22 23:57:23;OK;Cheque.pdf;
2023/03/22 23:57:24;OK;Cheque.pdf;
2023/03/22 23:57:25;OK;Cheque.pdf;
2023/03/22 23:57:25;OK;Cheque.pdf;
2023/03/22 23:57:26;OK;Cheque.pdf;
2023/03/22 23:57:27;OK;Cheque.pdf;
2023/03/22 23:57:28;OK;Cheque.pdf;
2023/03/22 23:57:28;OK;Cheque.pdf;
2023/03/22 23:57:29;OK;Cheque.pdf;
2023/03/22 23:57:30;OK;Cheque.pdf;
2023/03/22 23:57:31;OK;Cheque.pdf;
2023/03/22 23:57:32;OK;Cheque.pdf;
2023/03/22 23:57:32;OK;Cheque.pdf;
2023/03/22 23:57:33;OK;Cheque.pdf;
2023/03/22 23:57:34;OK;Cheque.pdf;
2023/03/23 00:54:55;OK;Slip.pdf;
2023/03/23 00:54:56;OK;Cheque.pdf;
2023/03/23 00:54:57;OK;Cheque.pdf;
2023/03/23 00:54:58;OK;Cheque.pdf;
2023/03/23 00:54:58;OK;Cheque.pdf;
2023/03/23 00:54:59;OK;Cheque.pdf;
2023/03/23 00:55:00;OK;Cheque.pdf;
2023/03/23 00:55:01;OK;Cheque.pdf;
2023/03/23 00:55:01;OK;Cheque.pdf;
2023/03/23 00:55:02;OK;Cheque.pdf;
2023/03/23 00:55:03;OK;Cheque.pdf;
2023/03/23 00:55:04;OK;Cheque.pdf;
2023/03/23 00:55:05;OK;Cheque.pdf;
2023/03/23 00:55:05;OK;Cheque.pdf;
2023/03/23 00:55:06;OK;Cheque.pdf;
2023/03/23 00:55:07;OK;Cheque.pdf;
2023/03/27 01:10:15;OK;Slip.pdf;
2023/03/27 01:10:16;OK;Slip.pdf;
2023/03/27 01:10:17;OK;Slip.pdf;
2023/03/27 01:10:18;OK;Slip.pdf;
2023/03/27 01:10:19;OK;Slip.pdf;
2023/03/27 01:10:20;OK;Slip.pdf;
2023/03/27 01:10:21;OK;Slip.pdf;
2023/03/27 01:10:22;OK;Slip.pdf;
2023/03/27 01:10:22;OK;Slip.pdf;
2023/03/27 01:10:23;OK;Slip.pdf;
2023/03/27 01:10:24;OK;Slip.pdf;
2023/03/27 01:10:25;OK;Slip.pdf;
2023/03/27 01:10:26;OK;Slip.pdf;
2023/03/27 01:10:27;OK;Slip.pdf;
2023/03/27 01:10:28;OK;Slip.pdf;
2023/03/27 01:10:29;OK;Slip.pdf;
2023/03/27 01:10:30;OK;Slip.pdf;
2023/03/27 01:10:30;OK;Slip.pdf;
2023/03/27 01:10:31;OK;Slip.pdf;
2023/03/27 01:10:32;OK;Slip.pdf;
2023/03/27 01:10:33;OK;Slip.pdf;
2023/03/27 01:10:34;OK;Slip.pdf;
2023/03/27 01:10:35;OK;Slip.pdf;
2023/03/27 01:10:36;OK;Slip.pdf;
2023/03/27 01:10:37;OK;Slip.pdf;
2023/03/27 01:10:37;OK;Slip.pdf;
2023/03/27 01:10:38;OK;Slip.pdf;
2023/03/27 01:10:39;OK;Slip.pdf;
2023/03/27 01:10:40;OK;Slip.pdf;
2023/03/27 01:10:41;OK;Slip.pdf;
2023/03/27 01:10:42;OK;Cheque.pdf;
2023/03/27 01:10:43;OK;Cheque.pdf;
2023/03/27 01:10:43;OK;Cheque.pdf;
2023/03/27 01:10:44;OK;Cheque.pdf;
2023/03/27 01:10:45;OK;Cheque.pdf;
2023/03/27 01:10:46;OK;Cheque.pdf;
2023/03/27 01:10:47;OK;Cheque.pdf;
2023/03/27 01:10:48;OK;Cheque.pdf;
2023/03/27 01:10:48;OK;Cheque.pdf;
2023/03/27 01:10:49;OK;Cheque.pdf;
2023/03/27 01:10:50;OK;Cheque.pdf;
2023/03/27 01:10:51;OK;Cheque.pdf;
2023/03/27 01:10:52;OK;Cheque.pdf;
2023/03/27 01:10:53;OK;Cheque.pdf;
2023/03/27 01:10:54;OK;Cheque.pdf;
2023/03/27 01:10:55;OK;Cheque.pdf;
2023/03/27 01:10:55;OK;Cheque.pdf;
2023/03/27 01:10:56;OK;Cheque.pdf;
2023/03/27 01:10:57;OK;Cheque.pdf;
2023/03/27 01:10:58;OK;Cheque.pdf;
2023/03/27 01:10:59;OK;Cheque.pdf;
2023/03/27 01:11:00;OK;Cheque.pdf;
2023/03/27 01:11:01;OK;Cheque.pdf;
2023/03/27 01:11:01;OK;Cheque.pdf;
2023/03/27 01:11:02;OK;Cheque.pdf;
2023/03/27 01:11:03;OK;Cheque.pdf;
2023/03/27 01:11:04;OK;Cheque.pdf;
2023/03/27 01:11:05;OK;Cheque.pdf;
2023/03/27 01:11:06;OK;Cheque.pdf;
2023/03/27 01:11:07;OK;Cheque.pdf;
2023/03/29 02:55:01;OK;Slip.pdf;
2023/03/29 02:55:02;OK;Cheque.pdf;
2023/03/29 02:55:03;OK;Cheque.pdf;
2023/03/29 02:55:04;OK;Cheque.pdf;
2023/03/29 02:55:05;OK;Cheque.pdf;
2023/03/29 02:55:05;OK;Cheque.pdf;
2023/03/29 02:55:06;OK;Cheque.pdf;
2023/03/29 02:55:07;OK;Cheque.pdf;
2023/03/29 02:55:08;OK;Cheque.pdf;
2023/03/29 02:55:08;OK;Cheque.pdf;
2023/03/29 02:55:09;OK;Cheque.pdf;
2023/03/29 02:55:10;OK;Cheque.pdf;
2023/03/29 02:55:11;OK;Cheque.pdf;
2023/03/29 02:55:12;OK;Cheque.pdf;
2023/03/29 02:55:13;OK;Cheque.pdf;
2023/03/29 02:55:13;OK;Cheque.pdf;
2023/04/14 23:59:02;OK;Slip.pdf;
2023/04/14 23:59:03;OK;Cheque.pdf;
2023/04/14 23:59:04;OK;Cheque.pdf;
2023/04/14 23:59:05;OK;Cheque.pdf;
2023/04/14 23:59:05;OK;Cheque.pdf;
2023/04/14 23:59:06;OK;Cheque.pdf;
2023/04/20 23:35:54;OK;Slip.pdf;
2023/04/20 23:35:55;OK;Cheque.pdf;
2023/04/20 23:35:55;OK;Cheque.pdf;
2023/04/20 23:35:56;OK;Cheque.pdf;
2023/04/20 23:35:57;OK;Cheque.pdf;
2023/04/20 23:35:58;OK;Cheque.pdf;
2023/04/20 23:35:58;OK;Cheque.pdf;
2023/04/20 23:35:59;OK;Cheque.pdf;
2023/04/20 23:36:00;OK;Cheque.pdf;
2023/04/20 23:36:01;OK;Cheque.pdf;
2023/04/20 23:36:01;OK;Cheque.pdf;
2023/04/20 23:36:02;OK;Cheque.pdf;
2023/04/20 23:36:03;OK;Cheque.pdf;
2023/04/20 23:36:04;OK;Cheque.pdf;
2023/04/20 23:36:05;OK;Cheque.pdf;
2023/04/20 23:36:05;OK;Cheque.pdf;
2023/04/20 23:36:06;OK;Cheque.pdf;
2023/04/20 23:36:07;OK;Cheque.pdf;
2023/04/20 23:36:08;OK;Cheque.pdf;
2023/04/20 23:36:08;OK;Cheque.pdf;
2023/04/20 23:36:09;OK;Cheque.pdf;
2023/04/20 23:36:10;OK;Cheque.pdf;
2023/04/20 23:36:11;OK;Cheque.pdf;
2023/04/20 23:36:12;OK;Cheque.pdf;
2023/04/20 23:36:12;OK;Cheque.pdf;
2023/04/20 23:36:13;OK;Cheque.pdf;
2023/04/20 23:36:14;OK;Cheque.pdf;
2023/04/20 23:36:15;OK;Cheque.pdf;
2023/04/20 23:36:16;OK;Cheque.pdf;
2023/04/20 23:36:16;OK;Cheque.pdf;
2023/04/20 23:36:17;OK;Cheque.pdf;
2023/04/26 01:41:24;OK;Slip.pdf;
2023/04/26 01:41:25;OK;Cheque.pdf;
2023/04/26 01:41:25;OK;Cheque.pdf;
2023/04/26 01:41:26;OK;Cheque.pdf;
2023/04/26 01:41:27;OK;Cheque.pdf;
2023/04/26 01:41:28;OK;Cheque.pdf;
2023/04/26 01:41:28;OK;Cheque.pdf;
2023/04/26 01:41:29;OK;Cheque.pdf;
2023/04/26 01:41:30;OK;Cheque.pdf;
2023/04/26 01:41:31;OK;Cheque.pdf;
2023/04/26 01:41:31;OK;Cheque.pdf;
2023/04/26 01:41:32;OK;Cheque.pdf;
2023/04/26 01:41:33;OK;Cheque.pdf;
2023/04/26 01:41:34;OK;Cheque.pdf;
2023/04/26 01:41:34;OK;Cheque.pdf;
2023/04/26 01:41:35;OK;Cheque.pdf;
